Command: vcs -nc -j32 -full64 -sverilog -debug_access+all -timescale=1ns/1ps +nospecify \
+notimingcheck +delay_mode_zero +acc +vpi +define+UVM_OBJECT_MUST_HAVE_CONSTRUCTOR \
+incdir+/data1/share/uvm-1.1d/src /data1/share/uvm-1.1d/src/uvm.sv /data1/share/uvm-1.1d/src/dpi/uvm_dpi.cc \
-CFLAGS -DVCS -l vcs.log -f ./sim/dc/list.f -cm line+cond+tgl+fsm+branch+assert -cm_dir \
cvrg

Warning-[DEPRECATED_OPTION] Deprecated option used
  The specified option '+acc' is deprecated.
  Please use '-debug_access+r+w+nomemcbk -debug_region+cell' instead.

Parsing design file '/data1/share/uvm-1.1d/src/uvm.sv'
Parsing included file '/data1/share/uvm-1.1d/src/uvm_pkg.sv'.
Parsing included file '/data1/share/uvm-1.1d/src/uvm_macros.svh'.
Parsing included file '/data1/share/uvm-1.1d/src/macros/uvm_version_defines.svh'.
Back to file '/data1/share/uvm-1.1d/src/uvm_macros.svh'.
Parsing included file '/data1/share/uvm-1.1d/src/macros/uvm_message_defines.svh'.
Back to file '/data1/share/uvm-1.1d/src/uvm_macros.svh'.
Parsing included file '/data1/share/uvm-1.1d/src/macros/uvm_phase_defines.svh'.
Back to file '/data1/share/uvm-1.1d/src/uvm_macros.svh'.
Parsing included file '/data1/share/uvm-1.1d/src/macros/uvm_object_defines.svh'.
Back to file '/data1/share/uvm-1.1d/src/uvm_macros.svh'.
Parsing included file '/data1/share/uvm-1.1d/src/macros/uvm_printer_defines.svh'.
Back to file '/data1/share/uvm-1.1d/src/uvm_macros.svh'.
Parsing included file '/data1/share/uvm-1.1d/src/macros/uvm_tlm_defines.svh'.
Parsing included file '/data1/share/uvm-1.1d/src/tlm1/uvm_tlm_imps.svh'.
Back to file '/data1/share/uvm-1.1d/src/macros/uvm_tlm_defines.svh'.
Back to file '/data1/share/uvm-1.1d/src/uvm_macros.svh'.
Parsing included file '/data1/share/uvm-1.1d/src/macros/uvm_sequence_defines.svh'.
Back to file '/data1/share/uvm-1.1d/src/uvm_macros.svh'.
Parsing included file '/data1/share/uvm-1.1d/src/macros/uvm_callback_defines.svh'.
Back to file '/data1/share/uvm-1.1d/src/uvm_macros.svh'.
Parsing included file '/data1/share/uvm-1.1d/src/macros/uvm_reg_defines.svh'.
Back to file '/data1/share/uvm-1.1d/src/uvm_macros.svh'.
Parsing included file '/data1/share/uvm-1.1d/src/macros/uvm_deprecated_defines.svh'.
Back to file '/data1/share/uvm-1.1d/src/uvm_macros.svh'.
Back to file '/data1/share/uvm-1.1d/src/uvm_pkg.sv'.
Parsing included file '/data1/share/uvm-1.1d/src/dpi/uvm_dpi.svh'.
Parsing included file '/data1/share/uvm-1.1d/src/dpi/uvm_hdl.svh'.
Back to file '/data1/share/uvm-1.1d/src/dpi/uvm_dpi.svh'.
Parsing included file '/data1/share/uvm-1.1d/src/dpi/uvm_svcmd_dpi.svh'.
Back to file '/data1/share/uvm-1.1d/src/dpi/uvm_dpi.svh'.
Parsing included file '/data1/share/uvm-1.1d/src/dpi/uvm_regex.svh'.
Back to file '/data1/share/uvm-1.1d/src/dpi/uvm_dpi.svh'.
Back to file '/data1/share/uvm-1.1d/src/uvm_pkg.sv'.
Parsing included file '/data1/share/uvm-1.1d/src/base/uvm_base.svh'.
Parsing included file '/data1/share/uvm-1.1d/src/base/uvm_version.svh'.
Back to file '/data1/share/uvm-1.1d/src/base/uvm_base.svh'.
Parsing included file '/data1/share/uvm-1.1d/src/base/uvm_object_globals.svh'.
Back to file '/data1/share/uvm-1.1d/src/base/uvm_base.svh'.
Parsing included file '/data1/share/uvm-1.1d/src/base/uvm_misc.svh'.
Back to file '/data1/share/uvm-1.1d/src/base/uvm_base.svh'.
Parsing included file '/data1/share/uvm-1.1d/src/base/uvm_object.svh'.
Back to file '/data1/share/uvm-1.1d/src/base/uvm_base.svh'.
Parsing included file '/data1/share/uvm-1.1d/src/base/uvm_pool.svh'.
Back to file '/data1/share/uvm-1.1d/src/base/uvm_base.svh'.
Parsing included file '/data1/share/uvm-1.1d/src/base/uvm_queue.svh'.
Back to file '/data1/share/uvm-1.1d/src/base/uvm_base.svh'.
Parsing included file '/data1/share/uvm-1.1d/src/base/uvm_factory.svh'.
Back to file '/data1/share/uvm-1.1d/src/base/uvm_base.svh'.
Parsing included file '/data1/share/uvm-1.1d/src/base/uvm_registry.svh'.
Back to file '/data1/share/uvm-1.1d/src/base/uvm_base.svh'.
Parsing included file '/data1/share/uvm-1.1d/src/base/uvm_spell_chkr.svh'.
Back to file '/data1/share/uvm-1.1d/src/base/uvm_base.svh'.
Parsing included file '/data1/share/uvm-1.1d/src/base/uvm_resource.svh'.
Back to file '/data1/share/uvm-1.1d/src/base/uvm_base.svh'.
Parsing included file '/data1/share/uvm-1.1d/src/deprecated/uvm_resource_converter.svh'.
Back to file '/data1/share/uvm-1.1d/src/base/uvm_base.svh'.
Parsing included file '/data1/share/uvm-1.1d/src/base/uvm_resource_specializations.svh'.
Back to file '/data1/share/uvm-1.1d/src/base/uvm_base.svh'.
Parsing included file '/data1/share/uvm-1.1d/src/base/uvm_resource_db.svh'.
Back to file '/data1/share/uvm-1.1d/src/base/uvm_base.svh'.
Parsing included file '/data1/share/uvm-1.1d/src/base/uvm_config_db.svh'.
Back to file '/data1/share/uvm-1.1d/src/base/uvm_base.svh'.
Parsing included file '/data1/share/uvm-1.1d/src/base/uvm_printer.svh'.
Back to file '/data1/share/uvm-1.1d/src/base/uvm_base.svh'.
Parsing included file '/data1/share/uvm-1.1d/src/base/uvm_comparer.svh'.
Back to file '/data1/share/uvm-1.1d/src/base/uvm_base.svh'.
Parsing included file '/data1/share/uvm-1.1d/src/base/uvm_packer.svh'.
Back to file '/data1/share/uvm-1.1d/src/base/uvm_base.svh'.
Parsing included file '/data1/share/uvm-1.1d/src/base/uvm_recorder.svh'.
Back to file '/data1/share/uvm-1.1d/src/base/uvm_base.svh'.
Parsing included file '/data1/share/uvm-1.1d/src/base/uvm_event_callback.svh'.
Back to file '/data1/share/uvm-1.1d/src/base/uvm_base.svh'.
Parsing included file '/data1/share/uvm-1.1d/src/base/uvm_event.svh'.
Back to file '/data1/share/uvm-1.1d/src/base/uvm_base.svh'.
Parsing included file '/data1/share/uvm-1.1d/src/base/uvm_barrier.svh'.
Back to file '/data1/share/uvm-1.1d/src/base/uvm_base.svh'.
Parsing included file '/data1/share/uvm-1.1d/src/base/uvm_callback.svh'.
Parsing included file '/data1/share/uvm-1.1d/src/uvm_macros.svh'.
Back to file '/data1/share/uvm-1.1d/src/base/uvm_callback.svh'.
Back to file '/data1/share/uvm-1.1d/src/base/uvm_base.svh'.
Parsing included file '/data1/share/uvm-1.1d/src/base/uvm_report_catcher.svh'.
Back to file '/data1/share/uvm-1.1d/src/base/uvm_base.svh'.
Parsing included file '/data1/share/uvm-1.1d/src/base/uvm_report_server.svh'.
Back to file '/data1/share/uvm-1.1d/src/base/uvm_base.svh'.
Parsing included file '/data1/share/uvm-1.1d/src/base/uvm_report_handler.svh'.
Back to file '/data1/share/uvm-1.1d/src/base/uvm_base.svh'.
Parsing included file '/data1/share/uvm-1.1d/src/base/uvm_report_object.svh'.
Back to file '/data1/share/uvm-1.1d/src/base/uvm_base.svh'.
Parsing included file '/data1/share/uvm-1.1d/src/base/uvm_transaction.svh'.
Back to file '/data1/share/uvm-1.1d/src/base/uvm_base.svh'.
Parsing included file '/data1/share/uvm-1.1d/src/base/uvm_phase.svh'.
Back to file '/data1/share/uvm-1.1d/src/base/uvm_base.svh'.
Parsing included file '/data1/share/uvm-1.1d/src/base/uvm_domain.svh'.
Back to file '/data1/share/uvm-1.1d/src/base/uvm_base.svh'.
Parsing included file '/data1/share/uvm-1.1d/src/base/uvm_bottomup_phase.svh'.
Back to file '/data1/share/uvm-1.1d/src/base/uvm_base.svh'.
Parsing included file '/data1/share/uvm-1.1d/src/base/uvm_topdown_phase.svh'.
Back to file '/data1/share/uvm-1.1d/src/base/uvm_base.svh'.
Parsing included file '/data1/share/uvm-1.1d/src/base/uvm_task_phase.svh'.
Back to file '/data1/share/uvm-1.1d/src/base/uvm_base.svh'.
Parsing included file '/data1/share/uvm-1.1d/src/base/uvm_common_phases.svh'.
Back to file '/data1/share/uvm-1.1d/src/base/uvm_base.svh'.
Parsing included file '/data1/share/uvm-1.1d/src/base/uvm_runtime_phases.svh'.
Back to file '/data1/share/uvm-1.1d/src/base/uvm_base.svh'.
Parsing included file '/data1/share/uvm-1.1d/src/base/uvm_component.svh'.
Parsing included file '/data1/share/uvm-1.1d/src/base/uvm_root.svh'.
Back to file '/data1/share/uvm-1.1d/src/base/uvm_component.svh'.
Back to file '/data1/share/uvm-1.1d/src/base/uvm_base.svh'.
Parsing included file '/data1/share/uvm-1.1d/src/base/uvm_objection.svh'.
Back to file '/data1/share/uvm-1.1d/src/base/uvm_base.svh'.
Parsing included file '/data1/share/uvm-1.1d/src/base/uvm_heartbeat.svh'.
Back to file '/data1/share/uvm-1.1d/src/base/uvm_base.svh'.
Parsing included file '/data1/share/uvm-1.1d/src/base/uvm_globals.svh'.
Back to file '/data1/share/uvm-1.1d/src/base/uvm_base.svh'.
Parsing included file '/data1/share/uvm-1.1d/src/base/uvm_cmdline_processor.svh'.
Back to file '/data1/share/uvm-1.1d/src/base/uvm_base.svh'.
Back to file '/data1/share/uvm-1.1d/src/uvm_pkg.sv'.
Parsing included file '/data1/share/uvm-1.1d/src/tlm1/uvm_tlm.svh'.
Parsing included file '/data1/share/uvm-1.1d/src/tlm1/uvm_tlm_ifs.svh'.
Back to file '/data1/share/uvm-1.1d/src/tlm1/uvm_tlm.svh'.
Parsing included file '/data1/share/uvm-1.1d/src/tlm1/uvm_sqr_ifs.svh'.
Back to file '/data1/share/uvm-1.1d/src/tlm1/uvm_tlm.svh'.
Parsing included file '/data1/share/uvm-1.1d/src/base/uvm_port_base.svh'.
Back to file '/data1/share/uvm-1.1d/src/tlm1/uvm_tlm.svh'.
Parsing included file '/data1/share/uvm-1.1d/src/tlm1/uvm_tlm_imps.svh'.
Back to file '/data1/share/uvm-1.1d/src/tlm1/uvm_tlm.svh'.
Parsing included file '/data1/share/uvm-1.1d/src/tlm1/uvm_imps.svh'.
Back to file '/data1/share/uvm-1.1d/src/tlm1/uvm_tlm.svh'.
Parsing included file '/data1/share/uvm-1.1d/src/tlm1/uvm_ports.svh'.
Back to file '/data1/share/uvm-1.1d/src/tlm1/uvm_tlm.svh'.
Parsing included file '/data1/share/uvm-1.1d/src/tlm1/uvm_exports.svh'.
Back to file '/data1/share/uvm-1.1d/src/tlm1/uvm_tlm.svh'.
Parsing included file '/data1/share/uvm-1.1d/src/tlm1/uvm_analysis_port.svh'.
Back to file '/data1/share/uvm-1.1d/src/tlm1/uvm_tlm.svh'.
Parsing included file '/data1/share/uvm-1.1d/src/tlm1/uvm_tlm_fifo_base.svh'.
Back to file '/data1/share/uvm-1.1d/src/tlm1/uvm_tlm.svh'.
Parsing included file '/data1/share/uvm-1.1d/src/tlm1/uvm_tlm_fifos.svh'.
Back to file '/data1/share/uvm-1.1d/src/tlm1/uvm_tlm.svh'.
Parsing included file '/data1/share/uvm-1.1d/src/tlm1/uvm_tlm_req_rsp.svh'.
Back to file '/data1/share/uvm-1.1d/src/tlm1/uvm_tlm.svh'.
Parsing included file '/data1/share/uvm-1.1d/src/tlm1/uvm_sqr_connections.svh'.
Back to file '/data1/share/uvm-1.1d/src/tlm1/uvm_tlm.svh'.
Back to file '/data1/share/uvm-1.1d/src/uvm_pkg.sv'.
Parsing included file '/data1/share/uvm-1.1d/src/comps/uvm_comps.svh'.
Parsing included file '/data1/share/uvm-1.1d/src/comps/uvm_pair.svh'.
Back to file '/data1/share/uvm-1.1d/src/comps/uvm_comps.svh'.
Parsing included file '/data1/share/uvm-1.1d/src/comps/uvm_policies.svh'.
Back to file '/data1/share/uvm-1.1d/src/comps/uvm_comps.svh'.
Parsing included file '/data1/share/uvm-1.1d/src/comps/uvm_in_order_comparator.svh'.
Back to file '/data1/share/uvm-1.1d/src/comps/uvm_comps.svh'.
Parsing included file '/data1/share/uvm-1.1d/src/comps/uvm_algorithmic_comparator.svh'.
Back to file '/data1/share/uvm-1.1d/src/comps/uvm_comps.svh'.
Parsing included file '/data1/share/uvm-1.1d/src/comps/uvm_random_stimulus.svh'.
Back to file '/data1/share/uvm-1.1d/src/comps/uvm_comps.svh'.
Parsing included file '/data1/share/uvm-1.1d/src/comps/uvm_subscriber.svh'.
Back to file '/data1/share/uvm-1.1d/src/comps/uvm_comps.svh'.
Parsing included file '/data1/share/uvm-1.1d/src/comps/uvm_monitor.svh'.
Back to file '/data1/share/uvm-1.1d/src/comps/uvm_comps.svh'.
Parsing included file '/data1/share/uvm-1.1d/src/comps/uvm_driver.svh'.
Back to file '/data1/share/uvm-1.1d/src/comps/uvm_comps.svh'.
Parsing included file '/data1/share/uvm-1.1d/src/comps/uvm_push_driver.svh'.
Back to file '/data1/share/uvm-1.1d/src/comps/uvm_comps.svh'.
Parsing included file '/data1/share/uvm-1.1d/src/comps/uvm_scoreboard.svh'.
Back to file '/data1/share/uvm-1.1d/src/comps/uvm_comps.svh'.
Parsing included file '/data1/share/uvm-1.1d/src/comps/uvm_agent.svh'.
Back to file '/data1/share/uvm-1.1d/src/comps/uvm_comps.svh'.
Parsing included file '/data1/share/uvm-1.1d/src/comps/uvm_env.svh'.
Back to file '/data1/share/uvm-1.1d/src/comps/uvm_comps.svh'.
Parsing included file '/data1/share/uvm-1.1d/src/comps/uvm_test.svh'.
Back to file '/data1/share/uvm-1.1d/src/comps/uvm_comps.svh'.
Back to file '/data1/share/uvm-1.1d/src/uvm_pkg.sv'.
Parsing included file '/data1/share/uvm-1.1d/src/seq/uvm_seq.svh'.
Parsing included file '/data1/share/uvm-1.1d/src/seq/uvm_sequence_item.svh'.
Back to file '/data1/share/uvm-1.1d/src/seq/uvm_seq.svh'.
Parsing included file '/data1/share/uvm-1.1d/src/seq/uvm_sequencer_base.svh'.
Back to file '/data1/share/uvm-1.1d/src/seq/uvm_seq.svh'.
Parsing included file '/data1/share/uvm-1.1d/src/seq/uvm_sequencer_analysis_fifo.svh'.
Back to file '/data1/share/uvm-1.1d/src/seq/uvm_seq.svh'.
Parsing included file '/data1/share/uvm-1.1d/src/seq/uvm_sequencer_param_base.svh'.
Back to file '/data1/share/uvm-1.1d/src/seq/uvm_seq.svh'.
Parsing included file '/data1/share/uvm-1.1d/src/seq/uvm_sequencer.svh'.
Back to file '/data1/share/uvm-1.1d/src/seq/uvm_seq.svh'.
Parsing included file '/data1/share/uvm-1.1d/src/seq/uvm_push_sequencer.svh'.
Back to file '/data1/share/uvm-1.1d/src/seq/uvm_seq.svh'.
Parsing included file '/data1/share/uvm-1.1d/src/seq/uvm_sequence_base.svh'.
Back to file '/data1/share/uvm-1.1d/src/seq/uvm_seq.svh'.
Parsing included file '/data1/share/uvm-1.1d/src/seq/uvm_sequence.svh'.
Back to file '/data1/share/uvm-1.1d/src/seq/uvm_seq.svh'.
Parsing included file '/data1/share/uvm-1.1d/src/seq/uvm_sequence_library.svh'.
Back to file '/data1/share/uvm-1.1d/src/seq/uvm_seq.svh'.
Parsing included file '/data1/share/uvm-1.1d/src/seq/uvm_sequence_builtin.svh'.
Back to file '/data1/share/uvm-1.1d/src/seq/uvm_seq.svh'.
Back to file '/data1/share/uvm-1.1d/src/uvm_pkg.sv'.
Parsing included file '/data1/share/uvm-1.1d/src/tlm2/uvm_tlm2.svh'.
Parsing included file '/data1/share/uvm-1.1d/src/tlm2/uvm_tlm2_defines.svh'.
Back to file '/data1/share/uvm-1.1d/src/tlm2/uvm_tlm2.svh'.
Parsing included file '/data1/share/uvm-1.1d/src/tlm2/uvm_tlm2_time.svh'.
Back to file '/data1/share/uvm-1.1d/src/tlm2/uvm_tlm2.svh'.
Parsing included file '/data1/share/uvm-1.1d/src/tlm2/uvm_tlm2_generic_payload.svh'.
Back to file '/data1/share/uvm-1.1d/src/tlm2/uvm_tlm2.svh'.
Parsing included file '/data1/share/uvm-1.1d/src/tlm2/uvm_tlm2_ifs.svh'.
Back to file '/data1/share/uvm-1.1d/src/tlm2/uvm_tlm2.svh'.
Parsing included file '/data1/share/uvm-1.1d/src/tlm2/uvm_tlm2_imps.svh'.
Back to file '/data1/share/uvm-1.1d/src/tlm2/uvm_tlm2.svh'.
Parsing included file '/data1/share/uvm-1.1d/src/tlm2/uvm_tlm2_ports.svh'.
Back to file '/data1/share/uvm-1.1d/src/tlm2/uvm_tlm2.svh'.
Parsing included file '/data1/share/uvm-1.1d/src/tlm2/uvm_tlm2_exports.svh'.
Back to file '/data1/share/uvm-1.1d/src/tlm2/uvm_tlm2.svh'.
Parsing included file '/data1/share/uvm-1.1d/src/tlm2/uvm_tlm2_sockets_base.svh'.
Back to file '/data1/share/uvm-1.1d/src/tlm2/uvm_tlm2.svh'.
Parsing included file '/data1/share/uvm-1.1d/src/tlm2/uvm_tlm2_sockets.svh'.
Back to file '/data1/share/uvm-1.1d/src/tlm2/uvm_tlm2.svh'.
Back to file '/data1/share/uvm-1.1d/src/uvm_pkg.sv'.
Parsing included file '/data1/share/uvm-1.1d/src/reg/uvm_reg_model.svh'.
Parsing included file '/data1/share/uvm-1.1d/src/reg/uvm_reg_item.svh'.
Back to file '/data1/share/uvm-1.1d/src/reg/uvm_reg_model.svh'.
Parsing included file '/data1/share/uvm-1.1d/src/reg/uvm_reg_adapter.svh'.
Back to file '/data1/share/uvm-1.1d/src/reg/uvm_reg_model.svh'.
Parsing included file '/data1/share/uvm-1.1d/src/reg/uvm_reg_predictor.svh'.
Back to file '/data1/share/uvm-1.1d/src/reg/uvm_reg_model.svh'.
Parsing included file '/data1/share/uvm-1.1d/src/reg/uvm_reg_sequence.svh'.
Back to file '/data1/share/uvm-1.1d/src/reg/uvm_reg_model.svh'.
Parsing included file '/data1/share/uvm-1.1d/src/reg/uvm_reg_cbs.svh'.
Back to file '/data1/share/uvm-1.1d/src/reg/uvm_reg_model.svh'.
Parsing included file '/data1/share/uvm-1.1d/src/reg/uvm_reg_backdoor.svh'.
Back to file '/data1/share/uvm-1.1d/src/reg/uvm_reg_model.svh'.
Parsing included file '/data1/share/uvm-1.1d/src/reg/uvm_reg_field.svh'.
Back to file '/data1/share/uvm-1.1d/src/reg/uvm_reg_model.svh'.
Parsing included file '/data1/share/uvm-1.1d/src/reg/uvm_vreg_field.svh'.
Back to file '/data1/share/uvm-1.1d/src/reg/uvm_reg_model.svh'.
Parsing included file '/data1/share/uvm-1.1d/src/reg/uvm_reg.svh'.
Back to file '/data1/share/uvm-1.1d/src/reg/uvm_reg_model.svh'.
Parsing included file '/data1/share/uvm-1.1d/src/reg/uvm_reg_indirect.svh'.
Back to file '/data1/share/uvm-1.1d/src/reg/uvm_reg_model.svh'.
Parsing included file '/data1/share/uvm-1.1d/src/reg/uvm_reg_fifo.svh'.
Back to file '/data1/share/uvm-1.1d/src/reg/uvm_reg_model.svh'.
Parsing included file '/data1/share/uvm-1.1d/src/reg/uvm_reg_file.svh'.
Back to file '/data1/share/uvm-1.1d/src/reg/uvm_reg_model.svh'.
Parsing included file '/data1/share/uvm-1.1d/src/reg/uvm_mem_mam.svh'.
Back to file '/data1/share/uvm-1.1d/src/reg/uvm_reg_model.svh'.
Parsing included file '/data1/share/uvm-1.1d/src/reg/uvm_vreg.svh'.
Back to file '/data1/share/uvm-1.1d/src/reg/uvm_reg_model.svh'.
Parsing included file '/data1/share/uvm-1.1d/src/reg/uvm_mem.svh'.
Back to file '/data1/share/uvm-1.1d/src/reg/uvm_reg_model.svh'.
Parsing included file '/data1/share/uvm-1.1d/src/reg/uvm_reg_map.svh'.
Back to file '/data1/share/uvm-1.1d/src/reg/uvm_reg_model.svh'.
Parsing included file '/data1/share/uvm-1.1d/src/reg/uvm_reg_block.svh'.
Back to file '/data1/share/uvm-1.1d/src/reg/uvm_reg_model.svh'.
Parsing included file '/data1/share/uvm-1.1d/src/reg/sequences/uvm_reg_hw_reset_seq.svh'.
Back to file '/data1/share/uvm-1.1d/src/reg/uvm_reg_model.svh'.
Parsing included file '/data1/share/uvm-1.1d/src/reg/sequences/uvm_reg_bit_bash_seq.svh'.
Back to file '/data1/share/uvm-1.1d/src/reg/uvm_reg_model.svh'.
Parsing included file '/data1/share/uvm-1.1d/src/reg/sequences/uvm_mem_walk_seq.svh'.
Back to file '/data1/share/uvm-1.1d/src/reg/uvm_reg_model.svh'.
Parsing included file '/data1/share/uvm-1.1d/src/reg/sequences/uvm_mem_access_seq.svh'.
Back to file '/data1/share/uvm-1.1d/src/reg/uvm_reg_model.svh'.
Parsing included file '/data1/share/uvm-1.1d/src/reg/sequences/uvm_reg_access_seq.svh'.
Back to file '/data1/share/uvm-1.1d/src/reg/uvm_reg_model.svh'.
Parsing included file '/data1/share/uvm-1.1d/src/reg/sequences/uvm_reg_mem_shared_access_seq.svh'.
Back to file '/data1/share/uvm-1.1d/src/reg/uvm_reg_model.svh'.
Parsing included file '/data1/share/uvm-1.1d/src/reg/sequences/uvm_reg_mem_built_in_seq.svh'.
Back to file '/data1/share/uvm-1.1d/src/reg/uvm_reg_model.svh'.
Parsing included file '/data1/share/uvm-1.1d/src/reg/sequences/uvm_reg_mem_hdl_paths_seq.svh'.
Back to file '/data1/share/uvm-1.1d/src/reg/uvm_reg_model.svh'.
Back to file '/data1/share/uvm-1.1d/src/uvm_pkg.sv'.
Back to file '/data1/share/uvm-1.1d/src/uvm.sv'.
Parsing design file '/backup-tools/PDK/XMC/XMC55_HP/STD/xmc55ef_hp/std_lib_20181213/hvt_std_lib_9t_20181213/verilog/sc9_55lp_base_hvt.v'
Parsing design file '../../Synthesis/SPI/dc/netlist/SPI.cg.gv'
Parsing design file './tb_SPI.sv'
Parsing included file '/data1/share/uvm-1.1d/src/uvm_macros.svh'.
Back to file './tb_SPI.sv'.
Parsing included file './UVM/SPI_Interface.svh'.
Parsing included file 'Parameters.svh'.
Back to file './UVM/SPI_Interface.svh'.
Back to file './tb_SPI.sv'.
Parsing included file './UVM/SPI_Test.svh'.
Parsing included file '/data1/share/uvm-1.1d/src/uvm_macros.svh'.
Back to file './UVM/SPI_Test.svh'.

Note-[SV-LCM-PPWI] Package previously wildcard imported
./UVM/SPI_Test.svh, 5
$unit
  Package 'uvm_pkg' already wildcard imported. 
  Ignoring uvm_pkg::*
  See the SystemVerilog LRM(1800-2005), section 19.2.1.

Parsing included file 'Parameters.svh'.
Back to file './UVM/SPI_Test.svh'.
Parsing included file './UVM/SPI_Sequence.svh'.
Parsing included file '/data1/share/uvm-1.1d/src/uvm_macros.svh'.
Back to file './UVM/SPI_Sequence.svh'.

Note-[SV-LCM-PPWI] Package previously wildcard imported
./UVM/SPI_Sequence.svh, 5
$unit
  Package 'uvm_pkg' already wildcard imported. 
  Ignoring uvm_pkg::*
  See the SystemVerilog LRM(1800-2005), section 19.2.1.

Parsing included file './UVM/SPI_SequenceRandRWTest.svh'.
Parsing included file '/data1/share/uvm-1.1d/src/uvm_macros.svh'.
Back to file './UVM/SPI_SequenceRandRWTest.svh'.

Note-[SV-LCM-PPWI] Package previously wildcard imported
./UVM/SPI_SequenceRandRWTest.svh, 5
$unit
  Package 'uvm_pkg' already wildcard imported. 
  Ignoring uvm_pkg::*
  See the SystemVerilog LRM(1800-2005), section 19.2.1.

Parsing included file './UVM/SPI_Transaction.svh'.
Parsing included file '/data1/share/uvm-1.1d/src/uvm_macros.svh'.
Back to file './UVM/SPI_Transaction.svh'.

Note-[SV-LCM-PPWI] Package previously wildcard imported
./UVM/SPI_Transaction.svh, 5
$unit
  Package 'uvm_pkg' already wildcard imported. 
  Ignoring uvm_pkg::*
  See the SystemVerilog LRM(1800-2005), section 19.2.1.

Back to file './UVM/SPI_SequenceRandRWTest.svh'.
Back to file './UVM/SPI_Sequence.svh'.
Parsing included file './UVM/SPI_Transaction.svh'.
Back to file './UVM/SPI_Sequence.svh'.
Back to file './UVM/SPI_Test.svh'.
Parsing included file './UVM/SPI_Environment.svh'.
Parsing included file '/data1/share/uvm-1.1d/src/uvm_macros.svh'.
Back to file './UVM/SPI_Environment.svh'.

Note-[SV-LCM-PPWI] Package previously wildcard imported
./UVM/SPI_Environment.svh, 5
$unit
  Package 'uvm_pkg' already wildcard imported. 
  Ignoring uvm_pkg::*
  See the SystemVerilog LRM(1800-2005), section 19.2.1.

Parsing included file './UVM/SPI_Agent.svh'.
Parsing included file '/data1/share/uvm-1.1d/src/uvm_macros.svh'.
Back to file './UVM/SPI_Agent.svh'.

Note-[SV-LCM-PPWI] Package previously wildcard imported
./UVM/SPI_Agent.svh, 5
$unit
  Package 'uvm_pkg' already wildcard imported. 
  Ignoring uvm_pkg::*
  See the SystemVerilog LRM(1800-2005), section 19.2.1.

Parsing included file './UVM/SPI_Driver.svh'.
Parsing included file '/data1/share/uvm-1.1d/src/uvm_macros.svh'.
Back to file './UVM/SPI_Driver.svh'.

Note-[SV-LCM-PPWI] Package previously wildcard imported
./UVM/SPI_Driver.svh, 5
$unit
  Package 'uvm_pkg' already wildcard imported. 
  Ignoring uvm_pkg::*
  See the SystemVerilog LRM(1800-2005), section 19.2.1.

Parsing included file 'Parameters.svh'.
Back to file './UVM/SPI_Driver.svh'.
Parsing included file './UVM/SPI_Interface.svh'.
Back to file './UVM/SPI_Driver.svh'.
Parsing included file './UVM/SPI_Transaction.svh'.
Back to file './UVM/SPI_Driver.svh'.
Back to file './UVM/SPI_Agent.svh'.
Parsing included file './UVM/SPI_Monitor.svh'.
Parsing included file '/data1/share/uvm-1.1d/src/uvm_macros.svh'.
Back to file './UVM/SPI_Monitor.svh'.

Note-[SV-LCM-PPWI] Package previously wildcard imported
./UVM/SPI_Monitor.svh, 5
$unit
  Package 'uvm_pkg' already wildcard imported. 
  Ignoring uvm_pkg::*
  See the SystemVerilog LRM(1800-2005), section 19.2.1.

Parsing included file './UVM/SPI_Interface.svh'.
Back to file './UVM/SPI_Monitor.svh'.
Parsing included file './UVM/SPI_Transaction.svh'.
Back to file './UVM/SPI_Monitor.svh'.
Back to file './UVM/SPI_Agent.svh'.
Parsing included file './UVM/SPI_Sequencer.svh'.
Parsing included file '/data1/share/uvm-1.1d/src/uvm_macros.svh'.
Back to file './UVM/SPI_Sequencer.svh'.

Note-[SV-LCM-PPWI] Package previously wildcard imported
./UVM/SPI_Sequencer.svh, 5
$unit
  Package 'uvm_pkg' already wildcard imported. 
  Ignoring uvm_pkg::*
  See the SystemVerilog LRM(1800-2005), section 19.2.1.

Parsing included file './UVM/SPI_Transaction.svh'.
Back to file './UVM/SPI_Sequencer.svh'.
Back to file './UVM/SPI_Agent.svh'.
Back to file './UVM/SPI_Environment.svh'.
Parsing included file './UVM/SPI_ReferenceModel.svh'.
Parsing included file '/data1/share/uvm-1.1d/src/uvm_macros.svh'.
Back to file './UVM/SPI_ReferenceModel.svh'.

Note-[SV-LCM-PPWI] Package previously wildcard imported
./UVM/SPI_ReferenceModel.svh, 5
$unit
  Package 'uvm_pkg' already wildcard imported. 
  Ignoring uvm_pkg::*
  See the SystemVerilog LRM(1800-2005), section 19.2.1.

Parsing included file 'Parameters.svh'.
Back to file './UVM/SPI_ReferenceModel.svh'.
Parsing included file './UVM/SPI_Interface.svh'.
Back to file './UVM/SPI_ReferenceModel.svh'.
Parsing included file './UVM/SPI_Transaction.svh'.
Back to file './UVM/SPI_ReferenceModel.svh'.
Back to file './UVM/SPI_Environment.svh'.
Parsing included file './UVM/SPI_ScoreBoard.svh'.
Parsing included file '/data1/share/uvm-1.1d/src/uvm_macros.svh'.
Back to file './UVM/SPI_ScoreBoard.svh'.

Note-[SV-LCM-PPWI] Package previously wildcard imported
./UVM/SPI_ScoreBoard.svh, 5
$unit
  Package 'uvm_pkg' already wildcard imported. 
  Ignoring uvm_pkg::*
  See the SystemVerilog LRM(1800-2005), section 19.2.1.

Parsing included file 'Parameters.svh'.
Back to file './UVM/SPI_ScoreBoard.svh'.
Parsing included file './UVM/SPI_Transaction.svh'.
Back to file './UVM/SPI_ScoreBoard.svh'.
Back to file './UVM/SPI_Environment.svh'.
Parsing included file './UVM/SPI_Transaction.svh'.
Back to file './UVM/SPI_Environment.svh'.
Back to file './UVM/SPI_Test.svh'.
Back to file './tb_SPI.sv'.
Parsing included file 'Parameters.svh'.
Back to file './tb_SPI.sv'.
Top Level Modules:
       A2DFFQN_X0P5M_A9TH
       A2DFFQN_X1M_A9TH
       A2DFFQN_X2M_A9TH
       A2DFFQN_X3M_A9TH
       A2DFFQ_X0P5M_A9TH
       A2DFFQ_X1M_A9TH
       A2DFFQ_X2M_A9TH
       A2DFFQ_X3M_A9TH
       A2DFFQ_X4M_A9TH
       A2SDFFQN_X0P5M_A9TH
       A2SDFFQN_X1M_A9TH
       A2SDFFQN_X2M_A9TH
       A2SDFFQN_X3M_A9TH
       A2SDFFQ_X0P5M_A9TH
       A2SDFFQ_X1M_A9TH
       A2SDFFQ_X2M_A9TH
       A2SDFFQ_X3M_A9TH
       A2SDFFQ_X4M_A9TH
       ADDFCIN_X1M_A9TH
       ADDFCIN_X1P4M_A9TH
       ADDFCIN_X2M_A9TH
       ADDFH_X1M_A9TH
       ADDFH_X1P4M_A9TH
       ADDFH_X2M_A9TH
       ADDF_X1M_A9TH
       ADDF_X1P4M_A9TH
       ADDF_X2M_A9TH
       ADDH_X1M_A9TH
       ADDH_X1P4M_A9TH
       ADDH_X2M_A9TH
       AND2_X0P5M_A9TH
       AND2_X11M_A9TH
       AND2_X1P4M_A9TH
       AND2_X3M_A9TH
       AND2_X4M_A9TH
       AND2_X6M_A9TH
       AND2_X8M_A9TH
       AND3_X0P5M_A9TH
       AND3_X11M_A9TH
       AND3_X1M_A9TH
       AND3_X1P4M_A9TH
       AND3_X2M_A9TH
       AND3_X3M_A9TH
       AND3_X4M_A9TH
       AND3_X6M_A9TH
       AND3_X8M_A9TH
       AND4_X0P5M_A9TH
       AND4_X0P7M_A9TH
       AND4_X1M_A9TH
       AND4_X1P4M_A9TH
       AND4_X2M_A9TH
       AND4_X3M_A9TH
       AND4_X4M_A9TH
       AND4_X6M_A9TH
       AND4_X8M_A9TH
       ANTENNA2_A9TH
       AO1B2_X0P7M_A9TH
       AO1B2_X1M_A9TH
       AO1B2_X1P4M_A9TH
       AO1B2_X2M_A9TH
       AO1B2_X3M_A9TH
       AO1B2_X4M_A9TH
       AO1B2_X6M_A9TH
       AO21B_X0P5M_A9TH
       AO21B_X0P7M_A9TH
       AO21B_X1M_A9TH
       AO21B_X1P4M_A9TH
       AO21B_X2M_A9TH
       AO21B_X3M_A9TH
       AO21B_X4M_A9TH
       AO21B_X6M_A9TH
       AO21_X0P5M_A9TH
       AO21_X0P7M_A9TH
       AO21_X1M_A9TH
       AO21_X1P4M_A9TH
       AO21_X2M_A9TH
       AO21_X3M_A9TH
       AO21_X4M_A9TH
       AO21_X6M_A9TH
       AO22_X0P7M_A9TH
       AO22_X1M_A9TH
       AO22_X1P4M_A9TH
       AO22_X2M_A9TH
       AO22_X3M_A9TH
       AO22_X4M_A9TH
       AO22_X6M_A9TH
       AOI211_X0P7M_A9TH
       AOI211_X1P4M_A9TH
       AOI211_X2M_A9TH
       AOI211_X3M_A9TH
       AOI211_X4M_A9TH
       AOI21B_X0P5M_A9TH
       AOI21B_X0P7M_A9TH
       AOI21B_X1M_A9TH
       AOI21B_X1P4M_A9TH
       AOI21B_X2M_A9TH
       AOI21B_X3M_A9TH
       AOI21B_X4M_A9TH
       AOI21B_X6M_A9TH
       AOI21B_X8M_A9TH
       AOI21_X0P5M_A9TH
       AOI21_X1M_A9TH
       AOI21_X1P4M_A9TH
       AOI21_X3M_A9TH
       AOI21_X4M_A9TH
       AOI21_X6M_A9TH
       AOI21_X8M_A9TH
       AOI221_X0P7M_A9TH
       AOI221_X1P4M_A9TH
       AOI221_X2M_A9TH
       AOI221_X3M_A9TH
       AOI221_X4M_A9TH
       AOI222_X0P5M_A9TH
       AOI222_X0P7M_A9TH
       AOI222_X1M_A9TH
       AOI222_X1P4M_A9TH
       AOI222_X2M_A9TH
       AOI222_X3M_A9TH
       AOI222_X4M_A9TH
       AOI22_X1M_A9TH
       AOI22_X1P4M_A9TH
       AOI22_X2M_A9TH
       AOI22_X3M_A9TH
       AOI22_X4M_A9TH
       AOI22_X6M_A9TH
       AOI22_X8M_A9TH
       AOI2XB1_X0P5M_A9TH
       AOI2XB1_X0P7M_A9TH
       AOI2XB1_X1M_A9TH
       AOI2XB1_X1P4M_A9TH
       AOI2XB1_X2M_A9TH
       AOI2XB1_X3M_A9TH
       AOI2XB1_X4M_A9TH
       AOI2XB1_X6M_A9TH
       AOI2XB1_X8M_A9TH
       AOI31_X0P7M_A9TH
       AOI31_X1M_A9TH
       AOI31_X1P4M_A9TH
       AOI31_X2M_A9TH
       AOI31_X3M_A9TH
       AOI31_X4M_A9TH
       AOI31_X6M_A9TH
       AOI32_X0P7M_A9TH
       AOI32_X1M_A9TH
       AOI32_X1P4M_A9TH
       AOI32_X2M_A9TH
       AOI32_X3M_A9TH
       AOI32_X4M_A9TH
       AOI32_X6M_A9TH
       BENC_X11M_A9TH
       BENC_X16M_A9TH
       BENC_X2M_A9TH
       BENC_X3M_A9TH
       BENC_X4M_A9TH
       BENC_X6M_A9TH
       BENC_X8M_A9TH
       BMXIT_X0P7M_A9TH
       BMXIT_X1M_A9TH
       BMXIT_X1P4M_A9TH
       BMXIT_X2M_A9TH
       BMXT_X0P7M_A9TH
       BMXT_X1M_A9TH
       BMXT_X1P4M_A9TH
       BMXT_X2M_A9TH
       BUFH_X0P7M_A9TH
       BUFH_X0P8M_A9TH
       BUFH_X11M_A9TH
       BUFH_X13M_A9TH
       BUFH_X16M_A9TH
       BUFH_X1M_A9TH
       BUFH_X1P2M_A9TH
       BUFH_X1P4M_A9TH
       BUFH_X1P7M_A9TH
       BUFH_X2M_A9TH
       BUFH_X2P5M_A9TH
       BUFH_X3M_A9TH
       BUFH_X3P5M_A9TH
       BUFH_X4M_A9TH
       BUFH_X5M_A9TH
       BUFH_X6M_A9TH
       BUFH_X7P5M_A9TH
       BUFH_X9M_A9TH
       BUFZ_X11M_A9TH
       BUFZ_X16M_A9TH
       BUFZ_X1M_A9TH
       BUFZ_X1P4M_A9TH
       BUFZ_X2M_A9TH
       BUFZ_X3M_A9TH
       BUFZ_X4M_A9TH
       BUFZ_X6M_A9TH
       BUFZ_X8M_A9TH
       BUF_X0P7B_A9TH
       BUF_X0P7M_A9TH
       BUF_X0P8B_A9TH
       BUF_X0P8M_A9TH
       BUF_X11B_A9TH
       BUF_X11M_A9TH
       BUF_X13B_A9TH
       BUF_X13M_A9TH
       BUF_X16B_A9TH
       BUF_X16M_A9TH
       BUF_X1P2B_A9TH
       BUF_X1P2M_A9TH
       BUF_X1P4B_A9TH
       BUF_X1P4M_A9TH
       BUF_X1P7B_A9TH
       BUF_X1P7M_A9TH
       BUF_X2B_A9TH
       BUF_X2M_A9TH
       BUF_X2P5B_A9TH
       BUF_X2P5M_A9TH
       BUF_X3B_A9TH
       BUF_X3M_A9TH
       BUF_X3P5B_A9TH
       BUF_X3P5M_A9TH
       BUF_X4B_A9TH
       BUF_X4M_A9TH
       BUF_X5B_A9TH
       BUF_X5M_A9TH
       BUF_X6B_A9TH
       BUF_X6M_A9TH
       BUF_X7P5B_A9TH
       BUF_X7P5M_A9TH
       BUF_X9B_A9TH
       BUF_X9M_A9TH
       CGENCIN_X1M_A9TH
       CGENCIN_X1P4M_A9TH
       CGENCIN_X2M_A9TH
       CGENCON_X1M_A9TH
       CGENCON_X1P4M_A9TH
       CGENCON_X2M_A9TH
       CGENI_X1M_A9TH
       CGENI_X1P4M_A9TH
       CGENI_X2M_A9TH
       CGEN_X1M_A9TH
       CGEN_X1P4M_A9TH
       CGEN_X2M_A9TH
       CMPR42_X1M_A9TH
       CMPR42_X1P4M_A9TH
       CMPR42_X2M_A9TH
       DFFNQ_X1M_A9TH
       DFFNQ_X2M_A9TH
       DFFNQ_X3M_A9TH
       DFFNRPQ_X1M_A9TH
       DFFNRPQ_X2M_A9TH
       DFFNRPQ_X3M_A9TH
       DFFNSQ_X1M_A9TH
       DFFNSQ_X2M_A9TH
       DFFNSQ_X3M_A9TH
       DFFNSRPQ_X1M_A9TH
       DFFNSRPQ_X2M_A9TH
       DFFNSRPQ_X3M_A9TH
       DFFQN_X0P5M_A9TH
       DFFQN_X1M_A9TH
       DFFQN_X2M_A9TH
       DFFQN_X3M_A9TH
       DFFQ_X0P5M_A9TH
       DFFQ_X1M_A9TH
       DFFQ_X2M_A9TH
       DFFQ_X3M_A9TH
       DFFQ_X4M_A9TH
       DFFRPQN_X2M_A9TH
       DFFRPQN_X3M_A9TH
       DFFRPQ_X2M_A9TH
       DFFRPQ_X3M_A9TH
       DFFRPQ_X4M_A9TH
       DFFSQN_X0P5M_A9TH
       DFFSQN_X1M_A9TH
       DFFSQN_X2M_A9TH
       DFFSQN_X3M_A9TH
       DFFSQ_X0P5M_A9TH
       DFFSQ_X1M_A9TH
       DFFSQ_X2M_A9TH
       DFFSQ_X3M_A9TH
       DFFSQ_X4M_A9TH
       DFFSRPQ_X0P5M_A9TH
       DFFSRPQ_X1M_A9TH
       DFFSRPQ_X2M_A9TH
       DFFSRPQ_X3M_A9TH
       DFFSRPQ_X4M_A9TH
       DFFYQ_X1M_A9TH
       DFFYQ_X2M_A9TH
       DFFYQ_X3M_A9TH
       DFFYQ_X4M_A9TH
       DLY2_X0P5M_A9TH
       DLY2_X1M_A9TH
       DLY2_X2M_A9TH
       DLY2_X4M_A9TH
       DLY4_X0P5M_A9TH
       DLY4_X1M_A9TH
       DLY4_X2M_A9TH
       DLY4_X4M_A9TH
       EDFFQN_X0P5M_A9TH
       EDFFQN_X1M_A9TH
       EDFFQN_X2M_A9TH
       EDFFQN_X3M_A9TH
       EDFFQ_X0P5M_A9TH
       EDFFQ_X1M_A9TH
       EDFFQ_X2M_A9TH
       EDFFQ_X3M_A9TH
       ENDCAPTIE2_A9TH
       ESDFFQN_X0P5M_A9TH
       ESDFFQN_X1M_A9TH
       ESDFFQN_X2M_A9TH
       ESDFFQN_X3M_A9TH
       ESDFFQ_X0P5M_A9TH
       ESDFFQ_X1M_A9TH
       ESDFFQ_X2M_A9TH
       ESDFFQ_X3M_A9TH
       FILL128_A9TH
       FILL16_A9TH
       FILL1_A9TH
       FILL2_A9TH
       FILL32_A9TH
       FILL4_A9TH
       FILL64_A9TH
       FILL8_A9TH
       FILLCAP128_A9TH
       FILLCAP17_A9TH
       FILLCAP32_A9TH
       FILLCAP65_A9TH
       FILLCAP6_A9TH
       FILLCAP8_A9TH
       FILLCAPTIE128_A9TH
       FILLCAPTIE17_A9TH
       FILLCAPTIE32_A9TH
       FILLCAPTIE65_A9TH
       FILLCAPTIE8_A9TH
       FILLCAPTIE9_A9TH
       FILLDGCAP127_A9TH
       FILLDGCAP13_A9TH
       FILLDGCAP31_A9TH
       FILLDGCAP61_A9TH
       FILLDGCAP9_A9TH
       FILLDGCAPTIE11_A9TH
       FILLDGCAPTIE127_A9TH
       FILLDGCAPTIE14_A9TH
       FILLDGCAPTIE31_A9TH
       FILLDGCAPTIE61_A9TH
       FILLTIE128_A9TH
       FILLTIE16_A9TH
       FILLTIE2_A9TH
       FILLTIE32_A9TH
       FILLTIE4_A9TH
       FILLTIE64_A9TH
       FILLTIE8_A9TH
       FRICG_X0P5B_A9TH
       FRICG_X0P6B_A9TH
       FRICG_X0P7B_A9TH
       FRICG_X0P8B_A9TH
       FRICG_X11B_A9TH
       FRICG_X13B_A9TH
       FRICG_X16B_A9TH
       FRICG_X1B_A9TH
       FRICG_X1P2B_A9TH
       FRICG_X1P4B_A9TH
       FRICG_X1P7B_A9TH
       FRICG_X2B_A9TH
       FRICG_X2P5B_A9TH
       FRICG_X3B_A9TH
       FRICG_X3P5B_A9TH
       FRICG_X4B_A9TH
       FRICG_X5B_A9TH
       FRICG_X6B_A9TH
       FRICG_X7P5B_A9TH
       FRICG_X9B_A9TH
       INV_X0P5M_A9TH
       INV_X0P6B_A9TH
       INV_X0P6M_A9TH
       INV_X0P7M_A9TH
       INV_X0P8M_A9TH
       INV_X11B_A9TH
       INV_X11M_A9TH
       INV_X13B_A9TH
       INV_X13M_A9TH
       INV_X16B_A9TH
       INV_X16M_A9TH
       INV_X1B_A9TH
       INV_X1P2B_A9TH
       INV_X1P2M_A9TH
       INV_X1P4B_A9TH
       INV_X1P4M_A9TH
       INV_X1P7B_A9TH
       INV_X1P7M_A9TH
       INV_X2B_A9TH
       INV_X2M_A9TH
       INV_X2P5B_A9TH
       INV_X2P5M_A9TH
       INV_X3B_A9TH
       INV_X3M_A9TH
       INV_X3P5B_A9TH
       INV_X3P5M_A9TH
       INV_X4B_A9TH
       INV_X4M_A9TH
       INV_X5M_A9TH
       INV_X6B_A9TH
       INV_X6M_A9TH
       INV_X7P5B_A9TH
       INV_X7P5M_A9TH
       INV_X9B_A9TH
       INV_X9M_A9TH
       LATNQN_X0P5M_A9TH
       LATNQN_X1M_A9TH
       LATNQN_X2M_A9TH
       LATNQN_X3M_A9TH
       LATNQN_X4M_A9TH
       LATNQ_X0P5M_A9TH
       LATNQ_X1M_A9TH
       LATNQ_X2M_A9TH
       LATNQ_X3M_A9TH
       LATNRPQN_X0P5M_A9TH
       LATNRPQN_X1M_A9TH
       LATNRPQN_X2M_A9TH
       LATNRPQN_X3M_A9TH
       LATNRPQN_X4M_A9TH
       LATNRQ_X0P5M_A9TH
       LATNRQ_X1M_A9TH
       LATNRQ_X2M_A9TH
       LATNRQ_X3M_A9TH
       LATNSPQ_X0P5M_A9TH
       LATNSPQ_X1M_A9TH
       LATNSPQ_X2M_A9TH
       LATNSPQ_X3M_A9TH
       LATNSQN_X0P5M_A9TH
       LATNSQN_X1M_A9TH
       LATNSQN_X2M_A9TH
       LATNSQN_X3M_A9TH
       LATNSQN_X4M_A9TH
       LATQN_X0P5M_A9TH
       LATQN_X1M_A9TH
       LATQN_X2M_A9TH
       LATQN_X3M_A9TH
       LATQN_X4M_A9TH
       LATQ_X0P5M_A9TH
       LATQ_X1M_A9TH
       LATQ_X2M_A9TH
       LATQ_X3M_A9TH
       LATRPQN_X0P5M_A9TH
       LATRPQN_X1M_A9TH
       LATRPQN_X2M_A9TH
       LATRPQN_X3M_A9TH
       LATRPQN_X4M_A9TH
       LATRQ_X0P5M_A9TH
       LATRQ_X1M_A9TH
       LATRQ_X2M_A9TH
       LATRQ_X3M_A9TH
       LATSPQ_X0P5M_A9TH
       LATSPQ_X1M_A9TH
       LATSPQ_X2M_A9TH
       LATSPQ_X3M_A9TH
       LATSQN_X0P5M_A9TH
       LATSQN_X1M_A9TH
       LATSQN_X2M_A9TH
       LATSQN_X3M_A9TH
       LATSQN_X4M_A9TH
       M2DFFQN_X0P5M_A9TH
       M2DFFQN_X1M_A9TH
       M2DFFQN_X2M_A9TH
       M2DFFQN_X3M_A9TH
       M2DFFQ_X0P5M_A9TH
       M2DFFQ_X1M_A9TH
       M2DFFQ_X2M_A9TH
       M2DFFQ_X3M_A9TH
       M2DFFQ_X4M_A9TH
       M2SDFFQN_X0P5M_A9TH
       M2SDFFQN_X1M_A9TH
       M2SDFFQN_X2M_A9TH
       M2SDFFQN_X3M_A9TH
       M2SDFFQ_X0P5M_A9TH
       M2SDFFQ_X1M_A9TH
       M2SDFFQ_X2M_A9TH
       M2SDFFQ_X3M_A9TH
       M2SDFFQ_X4M_A9TH
       MX2_X0P5B_A9TH
       MX2_X0P5M_A9TH
       MX2_X0P7B_A9TH
       MX2_X0P7M_A9TH
       MX2_X1B_A9TH
       MX2_X1M_A9TH
       MX2_X1P4B_A9TH
       MX2_X1P4M_A9TH
       MX2_X2B_A9TH
       MX2_X2M_A9TH
       MX2_X3B_A9TH
       MX2_X3M_A9TH
       MX2_X4B_A9TH
       MX2_X4M_A9TH
       MX2_X6B_A9TH
       MX2_X6M_A9TH
       MX2_X8B_A9TH
       MXIT2_X0P5M_A9TH
       MXIT2_X0P7M_A9TH
       MXIT2_X1M_A9TH
       MXIT2_X1P4M_A9TH
       MXIT2_X2M_A9TH
       MXIT2_X3M_A9TH
       MXIT2_X4M_A9TH
       MXIT4_X0P5M_A9TH
       MXIT4_X0P7M_A9TH
       MXIT4_X1M_A9TH
       MXIT4_X1P4M_A9TH
       MXIT4_X2M_A9TH
       MXIT4_X3M_A9TH
       MXT2_X0P5M_A9TH
       MXT2_X0P7M_A9TH
       MXT2_X1M_A9TH
       MXT2_X1P4M_A9TH
       MXT2_X2M_A9TH
       MXT2_X3M_A9TH
       MXT2_X4M_A9TH
       MXT2_X6M_A9TH
       MXT4_X0P5M_A9TH
       MXT4_X0P7M_A9TH
       MXT4_X1M_A9TH
       MXT4_X1P4M_A9TH
       MXT4_X2M_A9TH
       MXT4_X3M_A9TH
       NAND2B_X0P5M_A9TH
       NAND2B_X0P7M_A9TH
       NAND2B_X1M_A9TH
       NAND2B_X1P4M_A9TH
       NAND2B_X2M_A9TH
       NAND2B_X3M_A9TH
       NAND2B_X4M_A9TH
       NAND2B_X6M_A9TH
       NAND2B_X8M_A9TH
       NAND2XB_X0P5M_A9TH
       NAND2XB_X0P7M_A9TH
       NAND2XB_X1M_A9TH
       NAND2XB_X1P4M_A9TH
       NAND2XB_X2M_A9TH
       NAND2XB_X3M_A9TH
       NAND2XB_X4M_A9TH
       NAND2XB_X6M_A9TH
       NAND2XB_X8M_A9TH
       NAND2_X0P5B_A9TH
       NAND2_X0P5M_A9TH
       NAND2_X0P7B_A9TH
       NAND2_X0P7M_A9TH
       NAND2_X1A_A9TH
       NAND2_X1B_A9TH
       NAND2_X1M_A9TH
       NAND2_X1P4A_A9TH
       NAND2_X1P4B_A9TH
       NAND2_X1P4M_A9TH
       NAND2_X2A_A9TH
       NAND2_X2M_A9TH
       NAND2_X3A_A9TH
       NAND2_X3B_A9TH
       NAND2_X3M_A9TH
       NAND2_X4A_A9TH
       NAND2_X4B_A9TH
       NAND2_X4M_A9TH
       NAND2_X6A_A9TH
       NAND2_X6B_A9TH
       NAND2_X6M_A9TH
       NAND2_X8A_A9TH
       NAND2_X8B_A9TH
       NAND2_X8M_A9TH
       NAND3B_X0P7M_A9TH
       NAND3B_X1P4M_A9TH
       NAND3B_X2M_A9TH
       NAND3B_X3M_A9TH
       NAND3B_X4M_A9TH
       NAND3B_X6M_A9TH
       NAND3XXB_X0P5M_A9TH
       NAND3XXB_X0P7M_A9TH
       NAND3XXB_X1P4M_A9TH
       NAND3XXB_X2M_A9TH
       NAND3XXB_X3M_A9TH
       NAND3XXB_X4M_A9TH
       NAND3XXB_X6M_A9TH
       NAND3_X0P5A_A9TH
       NAND3_X0P7A_A9TH
       NAND3_X1A_A9TH
       NAND3_X1P4A_A9TH
       NAND3_X1P4M_A9TH
       NAND3_X2A_A9TH
       NAND3_X2M_A9TH
       NAND3_X3A_A9TH
       NAND3_X3M_A9TH
       NAND3_X4A_A9TH
       NAND3_X4M_A9TH
       NAND3_X6A_A9TH
       NAND3_X6M_A9TH
       NAND4B_X0P5M_A9TH
       NAND4B_X0P7M_A9TH
       NAND4B_X1P4M_A9TH
       NAND4B_X2M_A9TH
       NAND4B_X3M_A9TH
       NAND4B_X4M_A9TH
       NAND4XXXB_X0P5M_A9TH
       NAND4XXXB_X0P7M_A9TH
       NAND4XXXB_X1P4M_A9TH
       NAND4XXXB_X2M_A9TH
       NAND4XXXB_X3M_A9TH
       NAND4XXXB_X4M_A9TH
       NAND4_X0P5M_A9TH
       NAND4_X0P7A_A9TH
       NAND4_X0P7M_A9TH
       NAND4_X1A_A9TH
       NAND4_X1M_A9TH
       NAND4_X1P4A_A9TH
       NAND4_X1P4M_A9TH
       NAND4_X2M_A9TH
       NAND4_X3A_A9TH
       NAND4_X3M_A9TH
       NAND4_X4A_A9TH
       NAND4_X4M_A9TH
       NOR2B_X0P5M_A9TH
       NOR2B_X0P7M_A9TH
       NOR2B_X1M_A9TH
       NOR2B_X1P4M_A9TH
       NOR2B_X2M_A9TH
       NOR2B_X3M_A9TH
       NOR2B_X4M_A9TH
       NOR2B_X6M_A9TH
       NOR2B_X8M_A9TH
       NOR2XB_X0P5M_A9TH
       NOR2XB_X0P7M_A9TH
       NOR2XB_X1M_A9TH
       NOR2XB_X1P4M_A9TH
       NOR2XB_X3M_A9TH
       NOR2XB_X4M_A9TH
       NOR2XB_X6M_A9TH
       NOR2XB_X8M_A9TH
       NOR2_X0P5A_A9TH
       NOR2_X0P5B_A9TH
       NOR2_X0P5M_A9TH
       NOR2_X0P7A_A9TH
       NOR2_X0P7B_A9TH
       NOR2_X0P7M_A9TH
       NOR2_X1A_A9TH
       NOR2_X1P4A_A9TH
       NOR2_X2A_A9TH
       NOR2_X2M_A9TH
       NOR2_X3A_A9TH
       NOR2_X4A_A9TH
       NOR2_X4B_A9TH
       NOR2_X4M_A9TH
       NOR2_X6A_A9TH
       NOR2_X6B_A9TH
       NOR2_X6M_A9TH
       NOR2_X8A_A9TH
       NOR2_X8B_A9TH
       NOR2_X8M_A9TH
       NOR3_X0P5A_A9TH
       NOR3_X0P5M_A9TH
       NOR3_X0P7A_A9TH
       NOR3_X0P7M_A9TH
       NOR3_X1A_A9TH
       NOR3_X1P4A_A9TH
       NOR3_X1P4M_A9TH
       NOR3_X2A_A9TH
       NOR3_X2M_A9TH
       NOR3_X3A_A9TH
       NOR3_X3M_A9TH
       NOR3_X4A_A9TH
       NOR3_X4M_A9TH
       OA211_X0P5M_A9TH
       OA211_X0P7M_A9TH
       OA211_X1M_A9TH
       OA211_X1P4M_A9TH
       OA211_X2M_A9TH
       OA211_X3M_A9TH
       OA211_X4M_A9TH
       OA211_X6M_A9TH
       OA21_X0P5M_A9TH
       OA21_X0P7M_A9TH
       OA21_X1P4M_A9TH
       OA21_X2M_A9TH
       OA21_X3M_A9TH
       OA21_X4M_A9TH
       OA21_X6M_A9TH
       OA21_X8M_A9TH
       OA22_X0P5M_A9TH
       OA22_X0P7M_A9TH
       OA22_X1M_A9TH
       OA22_X1P4M_A9TH
       OA22_X2M_A9TH
       OA22_X3M_A9TH
       OA22_X4M_A9TH
       OA22_X6M_A9TH
       OA22_X8M_A9TH
       OAI211_X0P7M_A9TH
       OAI211_X1P4M_A9TH
       OAI211_X2M_A9TH
       OAI211_X3M_A9TH
       OAI211_X4M_A9TH
       OAI21B_X0P5M_A9TH
       OAI21B_X0P7M_A9TH
       OAI21B_X1M_A9TH
       OAI21B_X1P4M_A9TH
       OAI21B_X2M_A9TH
       OAI21B_X3M_A9TH
       OAI21B_X4M_A9TH
       OAI21B_X6M_A9TH
       OAI21B_X8M_A9TH
       OAI21_X0P7M_A9TH
       OAI21_X1M_A9TH
       OAI21_X1P4M_A9TH
       OAI21_X2M_A9TH
       OAI21_X3M_A9TH
       OAI21_X4M_A9TH
       OAI21_X6M_A9TH
       OAI21_X8M_A9TH
       OAI221_X0P5M_A9TH
       OAI221_X0P7M_A9TH
       OAI221_X1M_A9TH
       OAI221_X1P4M_A9TH
       OAI221_X2M_A9TH
       OAI221_X3M_A9TH
       OAI221_X4M_A9TH
       OAI222_X0P5M_A9TH
       OAI222_X0P7M_A9TH
       OAI222_X1M_A9TH
       OAI222_X1P4M_A9TH
       OAI222_X2M_A9TH
       OAI222_X3M_A9TH
       OAI222_X4M_A9TH
       OAI22_X0P7M_A9TH
       OAI22_X1P4M_A9TH
       OAI22_X2M_A9TH
       OAI22_X3M_A9TH
       OAI22_X4M_A9TH
       OAI22_X6M_A9TH
       OAI22_X8M_A9TH
       OAI2XB1_X0P7M_A9TH
       OAI2XB1_X1M_A9TH
       OAI2XB1_X1P4M_A9TH
       OAI2XB1_X2M_A9TH
       OAI2XB1_X3M_A9TH
       OAI2XB1_X4M_A9TH
       OAI2XB1_X6M_A9TH
       OAI2XB1_X8M_A9TH
       OAI31_X0P7M_A9TH
       OAI31_X1P4M_A9TH
       OAI31_X2M_A9TH
       OAI31_X3M_A9TH
       OAI31_X4M_A9TH
       OAI31_X6M_A9TH
       OR2_X0P7M_A9TH
       OR2_X11M_A9TH
       OR2_X1M_A9TH
       OR2_X1P4M_A9TH
       OR2_X2M_A9TH
       OR2_X3M_A9TH
       OR2_X4M_A9TH
       OR2_X6M_A9TH
       OR2_X8M_A9TH
       OR3_X0P5M_A9TH
       OR3_X0P7M_A9TH
       OR3_X1M_A9TH
       OR3_X1P4M_A9TH
       OR3_X2M_A9TH
       OR3_X3M_A9TH
       OR3_X4M_A9TH
       OR3_X6M_A9TH
       OR3_X8M_A9TH
       OR4_X0P5M_A9TH
       OR4_X0P7M_A9TH
       OR4_X1M_A9TH
       OR4_X1P4M_A9TH
       OR4_X2M_A9TH
       OR4_X3M_A9TH
       OR4_X4M_A9TH
       OR4_X6M_A9TH
       OR4_X8M_A9TH
       OR6_X0P5M_A9TH
       OR6_X0P7M_A9TH
       OR6_X1M_A9TH
       OR6_X1P4M_A9TH
       OR6_X2M_A9TH
       OR6_X3M_A9TH
       OR6_X4M_A9TH
       OR6_X6M_A9TH
       POSTICG_X0P5B_A9TH
       POSTICG_X0P6B_A9TH
       POSTICG_X0P7B_A9TH
       POSTICG_X0P8B_A9TH
       POSTICG_X11B_A9TH
       POSTICG_X13B_A9TH
       POSTICG_X16B_A9TH
       POSTICG_X1B_A9TH
       POSTICG_X1P2B_A9TH
       POSTICG_X1P4B_A9TH
       POSTICG_X1P7B_A9TH
       POSTICG_X2B_A9TH
       POSTICG_X2P5B_A9TH
       POSTICG_X3B_A9TH
       POSTICG_X3P5B_A9TH
       POSTICG_X4B_A9TH
       POSTICG_X5B_A9TH
       POSTICG_X6B_A9TH
       POSTICG_X7P5B_A9TH
       POSTICG_X9B_A9TH
       PREICG_X0P5B_A9TH
       PREICG_X0P6B_A9TH
       PREICG_X0P7B_A9TH
       PREICG_X0P8B_A9TH
       PREICG_X11B_A9TH
       PREICG_X13B_A9TH
       PREICG_X16B_A9TH
       PREICG_X1B_A9TH
       PREICG_X1P2B_A9TH
       PREICG_X1P4B_A9TH
       PREICG_X1P7B_A9TH
       PREICG_X2B_A9TH
       PREICG_X2P5B_A9TH
       PREICG_X3B_A9TH
       PREICG_X3P5B_A9TH
       PREICG_X4B_A9TH
       PREICG_X5B_A9TH
       PREICG_X6B_A9TH
       PREICG_X7P5B_A9TH
       PREICG_X9B_A9TH
       RF1R1WS_X1M_A9TH
       RF1R1WS_X1P4M_A9TH
       RF1R1WS_X2M_A9TH
       RF1R2WS_X1M_A9TH
       RF1R2WS_X1P4M_A9TH
       RF1R2WS_X2M_A9TH
       RF2R1WS_X1M_A9TH
       RF2R1WS_X1P4M_A9TH
       RF2R1WS_X2M_A9TH
       RF2R2WS_X1M_A9TH
       RF2R2WS_X1P4M_A9TH
       RF2R2WS_X2M_A9TH
       SDFFNQ_X1M_A9TH
       SDFFNQ_X2M_A9TH
       SDFFNQ_X3M_A9TH
       SDFFNRPQ_X1M_A9TH
       SDFFNRPQ_X2M_A9TH
       SDFFNRPQ_X3M_A9TH
       SDFFNSQ_X1M_A9TH
       SDFFNSQ_X2M_A9TH
       SDFFNSQ_X3M_A9TH
       SDFFNSRPQ_X1M_A9TH
       SDFFNSRPQ_X2M_A9TH
       SDFFNSRPQ_X3M_A9TH
       SDFFQN_X0P5M_A9TH
       SDFFQN_X1M_A9TH
       SDFFQN_X2M_A9TH
       SDFFQN_X3M_A9TH
       SDFFQ_X0P5M_A9TH
       SDFFQ_X1M_A9TH
       SDFFQ_X2M_A9TH
       SDFFQ_X3M_A9TH
       SDFFQ_X4M_A9TH
       SDFFRPQN_X0P5M_A9TH
       SDFFRPQN_X1M_A9TH
       SDFFRPQN_X2M_A9TH
       SDFFRPQN_X3M_A9TH
       SDFFRPQ_X0P5M_A9TH
       SDFFRPQ_X1M_A9TH
       SDFFRPQ_X2M_A9TH
       SDFFRPQ_X3M_A9TH
       SDFFRPQ_X4M_A9TH
       SDFFSQN_X0P5M_A9TH
       SDFFSQN_X1M_A9TH
       SDFFSQN_X2M_A9TH
       SDFFSQN_X3M_A9TH
       SDFFSQ_X0P5M_A9TH
       SDFFSQ_X1M_A9TH
       SDFFSQ_X2M_A9TH
       SDFFSQ_X3M_A9TH
       SDFFSQ_X4M_A9TH
       SDFFSRPQ_X0P5M_A9TH
       SDFFSRPQ_X1M_A9TH
       SDFFSRPQ_X2M_A9TH
       SDFFSRPQ_X3M_A9TH
       SDFFSRPQ_X4M_A9TH
       SDFFYQ_X1M_A9TH
       SDFFYQ_X2M_A9TH
       SDFFYQ_X3M_A9TH
       SDFFYQ_X4M_A9TH
       TIEHI_X1M_A9TH
       TIELO_X1M_A9TH
       WELLANTENNA2_A9TH
       XNOR2_X0P5M_A9TH
       XNOR2_X0P7M_A9TH
       XNOR2_X1M_A9TH
       XNOR2_X1P4M_A9TH
       XNOR2_X2M_A9TH
       XNOR2_X3M_A9TH
       XNOR2_X4M_A9TH
       XNOR3_X0P5M_A9TH
       XNOR3_X0P7M_A9TH
       XNOR3_X1M_A9TH
       XNOR3_X1P4M_A9TH
       XNOR3_X2M_A9TH
       XNOR3_X3M_A9TH
       XNOR3_X4M_A9TH
       XOR2_X0P5M_A9TH
       XOR2_X0P7M_A9TH
       XOR2_X1M_A9TH
       XOR2_X1P4M_A9TH
       XOR2_X2M_A9TH
       XOR2_X3M_A9TH
       XOR2_X4M_A9TH
       XOR3_X0P5M_A9TH
       XOR3_X0P7M_A9TH
       XOR3_X1M_A9TH
       XOR3_X1P4M_A9TH
       XOR3_X2M_A9TH
       XOR3_X3M_A9TH
       XOR3_X4M_A9TH
       tb_SPI

Warning-[AOUP] Attempt to override undefined parameter
./tb_SPI.sv, 37
  Attempting to override undefined parameter "DATA_WIDTH", will ignore it.


Warning-[AOUP] Attempt to override undefined parameter
./tb_SPI.sv, 37
  Attempting to override undefined parameter "ADDR_WIDTH", will ignore it.

TimeScale is 1 ns / 1 ps
VCS Coverage Metrics Release O-2018.09-SP2_Full64 Copyright (c) 1991-2018 by Synopsys Inc.
Starting vcs inline pass...

Note-[VCS_PARAL] Parallel code-gen enabled
  VCS is running with parallel code generation(-j)...

915 modules and 11 UDPs read.
recompiling module SPI
recompiling module tb_SPI
recompiling module SPI_Interface
recompiling module RF2R2WS_X1M_A9TH
recompiling module RF2R2WS_X1P4M_A9TH
recompiling module RF2R2WS_X2M_A9TH
recompiling module RF1R2WS_X1M_A9TH
recompiling module RF1R2WS_X1P4M_A9TH
recompiling module RF1R2WS_X2M_A9TH
recompiling module CMPR42_X1M_A9TH
recompiling module CMPR42_X1P4M_A9TH
recompiling module CMPR42_X2M_A9TH
recompiling module BENC_X11M_A9TH
recompiling module BENC_X16M_A9TH
recompiling module BENC_X2M_A9TH
recompiling module BENC_X3M_A9TH
recompiling module BENC_X4M_A9TH
recompiling module BENC_X6M_A9TH
recompiling module BENC_X8M_A9TH
recompiling module RF2R1WS_X1M_A9TH
recompiling module RF2R1WS_X1P4M_A9TH
recompiling module RF2R1WS_X2M_A9TH
recompiling module ADDFCIN_X1M_A9TH
recompiling module ADDFCIN_X1P4M_A9TH
recompiling module ADDFCIN_X2M_A9TH
recompiling module ADDFH_X1M_A9TH
recompiling module ADDFH_X1P4M_A9TH
recompiling module ADDFH_X2M_A9TH
recompiling module ADDF_X1M_A9TH
recompiling module ADDF_X1P4M_A9TH
recompiling module ADDF_X2M_A9TH
recompiling module A2DFFQN_X0P5M_A9TH
recompiling module A2SDFFQN_X0P5M_A9TH
recompiling module A2SDFFQN_X1M_A9TH
recompiling module A2SDFFQN_X2M_A9TH
recompiling module A2SDFFQN_X3M_A9TH
recompiling module A2SDFFQ_X0P5M_A9TH
recompiling module A2SDFFQ_X1M_A9TH
recompiling module A2SDFFQ_X2M_A9TH
recompiling module A2SDFFQ_X3M_A9TH
recompiling module AND2_X0P5M_A9TH
recompiling module ANTENNA2_A9TH
recompiling module BUFH_X0P7M_A9TH
recompiling module BUFH_X0P8M_A9TH
recompiling module BUFH_X11M_A9TH
recompiling module BUFH_X13M_A9TH
recompiling module BUFH_X16M_A9TH
recompiling module BUFH_X1M_A9TH
recompiling module BUFH_X1P2M_A9TH
recompiling module BUFH_X1P4M_A9TH
recompiling module BUFH_X1P7M_A9TH
recompiling module BUFH_X2M_A9TH
recompiling module BUFH_X2P5M_A9TH
recompiling module BUFH_X3M_A9TH
recompiling module BUFH_X3P5M_A9TH
recompiling module BUFH_X4M_A9TH
recompiling module BUFH_X5M_A9TH
recompiling module BUFH_X6M_A9TH
recompiling module BUFH_X7P5M_A9TH
recompiling module BUFH_X9M_A9TH
recompiling module BUF_X0P7B_A9TH
recompiling module BUF_X0P7M_A9TH
recompiling module BUF_X0P8B_A9TH
recompiling module BUF_X0P8M_A9TH
recompiling module BUF_X11B_A9TH
recompiling module BUF_X11M_A9TH
recompiling module BUF_X13B_A9TH
recompiling module BUF_X13M_A9TH
recompiling module BUF_X16B_A9TH
recompiling module BUF_X16M_A9TH
recompiling module BUF_X1P2B_A9TH
recompiling module BUF_X1P2M_A9TH
recompiling module BUF_X1P4B_A9TH
recompiling module BUF_X1P4M_A9TH
recompiling module BUF_X1P7B_A9TH
recompiling module BUF_X1P7M_A9TH
recompiling module BUF_X2B_A9TH
recompiling module BUF_X2M_A9TH
recompiling module BUF_X2P5B_A9TH
recompiling module BUF_X2P5M_A9TH
recompiling module BUF_X3B_A9TH
recompiling module BUF_X3M_A9TH
recompiling module BUF_X3P5B_A9TH
recompiling module BUF_X3P5M_A9TH
recompiling module BUF_X4B_A9TH
recompiling module BUF_X4M_A9TH
recompiling module BUF_X5B_A9TH
recompiling module BUF_X5M_A9TH
recompiling module BUF_X6B_A9TH
recompiling module BUF_X6M_A9TH
recompiling module BUF_X7P5B_A9TH
recompiling module BUF_X7P5M_A9TH
recompiling module BUF_X9B_A9TH
recompiling module BUF_X9M_A9TH
recompiling module DLY2_X0P5M_A9TH
recompiling module DLY2_X1M_A9TH
recompiling module DLY2_X2M_A9TH
recompiling module DLY2_X4M_A9TH
recompiling module DLY4_X0P5M_A9TH
recompiling module DLY4_X1M_A9TH
recompiling module DLY4_X2M_A9TH
recompiling module DLY4_X4M_A9TH
recompiling module ENDCAPTIE2_A9TH
recompiling module FILL128_A9TH
recompiling module FILL16_A9TH
recompiling module FILL1_A9TH
recompiling module FILL2_A9TH
recompiling module FILL32_A9TH
recompiling module FILL4_A9TH
recompiling module FILL64_A9TH
recompiling module FILL8_A9TH
recompiling module FILLCAP128_A9TH
recompiling module FILLCAP17_A9TH
recompiling module FILLCAP32_A9TH
recompiling module FILLCAP65_A9TH
recompiling module FILLCAP6_A9TH
recompiling module FILLCAP8_A9TH
recompiling module FILLCAPTIE128_A9TH
recompiling module FILLCAPTIE17_A9TH
recompiling module FILLCAPTIE32_A9TH
recompiling module FILLCAPTIE65_A9TH
recompiling module FILLCAPTIE8_A9TH
recompiling module FILLCAPTIE9_A9TH
recompiling module FILLDGCAP127_A9TH
recompiling module FILLDGCAP13_A9TH
recompiling module FILLDGCAP31_A9TH
recompiling module FILLDGCAP61_A9TH
recompiling module FILLDGCAP9_A9TH
recompiling module FILLDGCAPTIE11_A9TH
recompiling module FILLDGCAPTIE127_A9TH
recompiling module FILLDGCAPTIE14_A9TH
recompiling module FILLDGCAPTIE31_A9TH
recompiling module FILLDGCAPTIE61_A9TH
recompiling module FILLTIE128_A9TH
recompiling module FILLTIE16_A9TH
recompiling module FILLTIE2_A9TH
recompiling module FILLTIE32_A9TH
recompiling module FILLTIE4_A9TH
recompiling module FILLTIE64_A9TH
recompiling module FILLTIE8_A9TH
recompiling module FRICG_X0P5B_A9TH
recompiling module FRICG_X0P6B_A9TH
recompiling module FRICG_X0P7B_A9TH
recompiling module FRICG_X0P8B_A9TH
recompiling module FRICG_X11B_A9TH
recompiling module FRICG_X13B_A9TH
recompiling module FRICG_X16B_A9TH
recompiling module FRICG_X1B_A9TH
recompiling module FRICG_X1P2B_A9TH
recompiling module FRICG_X1P4B_A9TH
recompiling module FRICG_X1P7B_A9TH
recompiling module FRICG_X2B_A9TH
recompiling module FRICG_X2P5B_A9TH
recompiling module FRICG_X3B_A9TH
recompiling module FRICG_X3P5B_A9TH
recompiling module FRICG_X4B_A9TH
recompiling module FRICG_X5B_A9TH
recompiling module FRICG_X6B_A9TH
recompiling module FRICG_X7P5B_A9TH
recompiling module FRICG_X9B_A9TH
recompiling module INV_X0P5M_A9TH
recompiling module INV_X0P6B_A9TH
recompiling module INV_X0P6M_A9TH
recompiling module INV_X0P7M_A9TH
recompiling module INV_X0P8M_A9TH
recompiling module INV_X11B_A9TH
recompiling module INV_X11M_A9TH
recompiling module INV_X13B_A9TH
recompiling module INV_X13M_A9TH
recompiling module INV_X16B_A9TH
recompiling module INV_X16M_A9TH
recompiling module INV_X1B_A9TH
recompiling module INV_X1P2B_A9TH
recompiling module INV_X1P2M_A9TH
recompiling module INV_X1P4B_A9TH
recompiling module INV_X1P4M_A9TH
recompiling module INV_X1P7B_A9TH
recompiling module INV_X1P7M_A9TH
recompiling module INV_X2B_A9TH
recompiling module INV_X2M_A9TH
recompiling module INV_X2P5B_A9TH
recompiling module INV_X2P5M_A9TH
recompiling module INV_X3B_A9TH
recompiling module INV_X3M_A9TH
recompiling module INV_X3P5B_A9TH
recompiling module INV_X3P5M_A9TH
recompiling module INV_X4B_A9TH
recompiling module INV_X4M_A9TH
recompiling module INV_X5M_A9TH
recompiling module INV_X6B_A9TH
recompiling module INV_X6M_A9TH
recompiling module INV_X7P5B_A9TH
recompiling module INV_X7P5M_A9TH
recompiling module INV_X9B_A9TH
recompiling module INV_X9M_A9TH
recompiling module TIEHI_X1M_A9TH
recompiling module TIELO_X1M_A9TH
recompiling module WELLANTENNA2_A9TH
recompiling package vcs_paramclassrepository
recompiling module A2SDFFQ_X4M_A9TH
recompiling module AOI222_X0P5M_A9TH
recompiling module AOI222_X0P7M_A9TH
recompiling module AOI222_X1M_A9TH
recompiling module AOI222_X1P4M_A9TH
recompiling module AOI222_X2M_A9TH
recompiling module AOI222_X3M_A9TH
recompiling module AOI222_X4M_A9TH
recompiling module CGENCIN_X1M_A9TH
recompiling module CGENCIN_X1P4M_A9TH
recompiling module CGENCIN_X2M_A9TH
recompiling module CGENCON_X1M_A9TH
recompiling module CGENCON_X1P4M_A9TH
recompiling module CGENCON_X2M_A9TH
recompiling module CGENI_X1M_A9TH
recompiling module CGENI_X1P4M_A9TH
recompiling module CGENI_X2M_A9TH
recompiling module CGEN_X1M_A9TH
recompiling module CGEN_X1P4M_A9TH
recompiling module CGEN_X2M_A9TH
recompiling module M2SDFFQN_X0P5M_A9TH
recompiling module M2SDFFQN_X1M_A9TH
recompiling module M2SDFFQN_X2M_A9TH
recompiling module M2SDFFQN_X3M_A9TH
recompiling module M2SDFFQ_X0P5M_A9TH
recompiling module M2SDFFQ_X1M_A9TH
recompiling module M2SDFFQ_X2M_A9TH
recompiling module M2SDFFQ_X3M_A9TH
recompiling module M2SDFFQ_X4M_A9TH
recompiling module OAI222_X0P5M_A9TH
recompiling module OAI222_X0P7M_A9TH
recompiling module OAI222_X1M_A9TH
recompiling module OAI222_X1P4M_A9TH
recompiling module OAI222_X2M_A9TH
recompiling module OAI222_X3M_A9TH
recompiling module OAI222_X4M_A9TH
recompiling module PREICG_X0P5B_A9TH
recompiling module PREICG_X0P6B_A9TH
recompiling module PREICG_X0P7B_A9TH
recompiling module PREICG_X0P8B_A9TH
recompiling module PREICG_X11B_A9TH
recompiling module PREICG_X13B_A9TH
recompiling module PREICG_X16B_A9TH
recompiling module PREICG_X1B_A9TH
recompiling module PREICG_X1P2B_A9TH
recompiling module PREICG_X1P4B_A9TH
recompiling module PREICG_X1P7B_A9TH
recompiling module PREICG_X2B_A9TH
recompiling module PREICG_X2P5B_A9TH
recompiling module PREICG_X3B_A9TH
recompiling module PREICG_X3P5B_A9TH
recompiling module PREICG_X4B_A9TH
recompiling module PREICG_X5B_A9TH
recompiling module PREICG_X6B_A9TH
recompiling module PREICG_X7P5B_A9TH
recompiling module PREICG_X9B_A9TH
recompiling module A2DFFQN_X1M_A9TH
recompiling module A2DFFQN_X2M_A9TH
recompiling module A2DFFQN_X3M_A9TH
recompiling module A2DFFQ_X0P5M_A9TH
recompiling module A2DFFQ_X1M_A9TH
recompiling module A2DFFQ_X2M_A9TH
recompiling module A2DFFQ_X3M_A9TH
recompiling module A2DFFQ_X4M_A9TH
recompiling module AO22_X0P5M_A9TH
recompiling module AO22_X0P7M_A9TH
recompiling module AO22_X1M_A9TH
recompiling module AO22_X1P4M_A9TH
recompiling module AO22_X2M_A9TH
recompiling module AO22_X3M_A9TH
recompiling module AO22_X4M_A9TH
recompiling module AO22_X6M_A9TH
recompiling module AOI221_X0P7M_A9TH
recompiling module AOI221_X1P4M_A9TH
recompiling module AOI221_X2M_A9TH
recompiling module AOI221_X3M_A9TH
recompiling module AOI221_X4M_A9TH
recompiling module AOI22_X0P5M_A9TH
recompiling module AOI22_X1M_A9TH
recompiling module AOI22_X1P4M_A9TH
recompiling module AOI22_X2M_A9TH
recompiling module AOI22_X3M_A9TH
recompiling module AOI22_X4M_A9TH
recompiling module AOI22_X6M_A9TH
recompiling module AOI22_X8M_A9TH
recompiling module AOI32_X0P7M_A9TH
recompiling module AOI32_X1M_A9TH
recompiling module AOI32_X1P4M_A9TH
recompiling module AOI32_X2M_A9TH
recompiling module AOI32_X3M_A9TH
recompiling module AOI32_X4M_A9TH
recompiling module AOI32_X6M_A9TH
recompiling module M2DFFQN_X0P5M_A9TH
recompiling module M2DFFQN_X1M_A9TH
recompiling module M2DFFQN_X2M_A9TH
recompiling module M2DFFQN_X3M_A9TH
recompiling module M2DFFQ_X0P5M_A9TH
recompiling module M2DFFQ_X1M_A9TH
recompiling module M2DFFQ_X2M_A9TH
recompiling module M2DFFQ_X3M_A9TH
recompiling module M2DFFQ_X4M_A9TH
recompiling module OA22_X0P5M_A9TH
recompiling module OA22_X0P7M_A9TH
recompiling module OA22_X1M_A9TH
recompiling module OA22_X1P4M_A9TH
recompiling module OA22_X2M_A9TH
recompiling module OA22_X3M_A9TH
recompiling module OA22_X4M_A9TH
recompiling module OA22_X6M_A9TH
recompiling module OA22_X8M_A9TH
recompiling module OAI221_X0P5M_A9TH
recompiling module OAI221_X0P7M_A9TH
recompiling module OAI221_X1M_A9TH
recompiling module OAI221_X1P4M_A9TH
recompiling module OAI221_X2M_A9TH
recompiling module OAI221_X3M_A9TH
recompiling module OAI221_X4M_A9TH
recompiling module OAI22_X0P7M_A9TH
recompiling module OAI22_X1P4M_A9TH
recompiling module OAI22_X2M_A9TH
recompiling module OAI22_X3M_A9TH
recompiling module OAI22_X4M_A9TH
recompiling module OAI22_X6M_A9TH
recompiling module OAI22_X8M_A9TH
recompiling module RF1R1WS_X1M_A9TH
recompiling module RF1R1WS_X1P4M_A9TH
recompiling module RF1R1WS_X2M_A9TH
recompiling module SDFFNQ_X1M_A9TH
recompiling module SDFFNQ_X2M_A9TH
recompiling module SDFFNQ_X3M_A9TH
recompiling module SDFFNRPQ_X1M_A9TH
recompiling module SDFFNRPQ_X2M_A9TH
recompiling module SDFFNRPQ_X3M_A9TH
recompiling module SDFFNSQ_X1M_A9TH
recompiling module SDFFNSQ_X2M_A9TH
recompiling module SDFFNSQ_X3M_A9TH
recompiling module SDFFNSRPQ_X1M_A9TH
recompiling module SDFFNSRPQ_X2M_A9TH
recompiling module SDFFNSRPQ_X3M_A9TH
recompiling module SDFFQN_X0P5M_A9TH
recompiling module SDFFQN_X1M_A9TH
recompiling module SDFFQN_X2M_A9TH
recompiling module SDFFQN_X3M_A9TH
recompiling module SDFFQ_X0P5M_A9TH
recompiling module SDFFQ_X1M_A9TH
recompiling module SDFFQ_X2M_A9TH
recompiling module SDFFQ_X3M_A9TH
recompiling module SDFFQ_X4M_A9TH
recompiling module SDFFRPQN_X0P5M_A9TH
recompiling module SDFFRPQN_X1M_A9TH
recompiling module SDFFRPQN_X2M_A9TH
recompiling module ADDH_X1M_A9TH
recompiling module OAI2XB1_X3M_A9TH
recompiling module OAI2XB1_X4M_A9TH
recompiling module OAI2XB1_X6M_A9TH
recompiling module OAI2XB1_X8M_A9TH
recompiling module OAI31_X0P7M_A9TH
recompiling module OAI31_X1P4M_A9TH
recompiling module OAI31_X2M_A9TH
recompiling module OAI31_X3M_A9TH
recompiling module OAI31_X4M_A9TH
recompiling module OAI31_X6M_A9TH
recompiling module POSTICG_X0P5B_A9TH
recompiling module POSTICG_X0P6B_A9TH
recompiling module POSTICG_X0P7B_A9TH
recompiling module POSTICG_X0P8B_A9TH
recompiling module POSTICG_X11B_A9TH
recompiling module POSTICG_X13B_A9TH
recompiling module POSTICG_X16B_A9TH
recompiling module POSTICG_X1B_A9TH
recompiling module POSTICG_X1P2B_A9TH
recompiling module POSTICG_X1P4B_A9TH
recompiling module POSTICG_X1P7B_A9TH
recompiling module POSTICG_X2B_A9TH
recompiling module POSTICG_X2P5B_A9TH
recompiling module POSTICG_X3B_A9TH
recompiling module POSTICG_X3P5B_A9TH
recompiling module POSTICG_X4B_A9TH
recompiling module POSTICG_X5B_A9TH
recompiling module POSTICG_X6B_A9TH
recompiling module POSTICG_X7P5B_A9TH
recompiling module POSTICG_X9B_A9TH
recompiling module AND2_X1P4M_A9TH
recompiling module AND2_X3M_A9TH
recompiling module AND2_X4M_A9TH
recompiling module AND2_X6M_A9TH
recompiling module AND2_X8M_A9TH
recompiling module AND3_X0P5M_A9TH
recompiling module AND3_X11M_A9TH
recompiling module AND3_X1M_A9TH
recompiling module AND3_X1P4M_A9TH
recompiling module AND3_X2M_A9TH
recompiling module AND3_X3M_A9TH
recompiling module AND3_X4M_A9TH
recompiling module AND3_X6M_A9TH
recompiling module AND3_X8M_A9TH
recompiling module AND4_X0P5M_A9TH
recompiling module AND4_X0P7M_A9TH
recompiling module AND4_X1M_A9TH
recompiling module AND4_X1P4M_A9TH
recompiling module AND4_X2M_A9TH
recompiling module AND4_X3M_A9TH
recompiling module AND4_X4M_A9TH
recompiling module AND4_X6M_A9TH
recompiling module AND4_X8M_A9TH
recompiling module BMXIT_X0P7M_A9TH
recompiling module BMXIT_X1M_A9TH
recompiling module BMXIT_X1P4M_A9TH
recompiling module BMXIT_X2M_A9TH
recompiling module BMXT_X0P7M_A9TH
recompiling module BMXT_X1M_A9TH
recompiling module BMXT_X1P4M_A9TH
recompiling module BMXT_X2M_A9TH
recompiling module BUFZ_X11M_A9TH
recompiling module BUFZ_X16M_A9TH
recompiling module BUFZ_X1M_A9TH
recompiling module BUFZ_X1P4M_A9TH
recompiling module BUFZ_X2M_A9TH
recompiling module BUFZ_X3M_A9TH
recompiling module BUFZ_X4M_A9TH
recompiling module BUFZ_X6M_A9TH
recompiling module BUFZ_X8M_A9TH
recompiling module MX2_X0P5B_A9TH
recompiling module MX2_X0P5M_A9TH
recompiling module MX2_X0P7B_A9TH
recompiling module MX2_X0P7M_A9TH
recompiling module MX2_X1B_A9TH
recompiling module MX2_X1M_A9TH
recompiling module MX2_X1P4B_A9TH
recompiling module MX2_X1P4M_A9TH
recompiling module MX2_X2B_A9TH
recompiling module MX2_X2M_A9TH
recompiling module MX2_X3B_A9TH
recompiling module MX2_X3M_A9TH
recompiling module MX2_X4B_A9TH
recompiling module MX2_X4M_A9TH
recompiling module MX2_X6B_A9TH
recompiling module MX2_X6M_A9TH
recompiling module MX2_X8B_A9TH
recompiling module MXIT2_X0P5M_A9TH
recompiling module MXIT2_X0P7M_A9TH
recompiling module MXIT2_X1M_A9TH
recompiling module MXIT2_X1P4M_A9TH
recompiling module MXIT2_X2M_A9TH
recompiling module MXIT2_X3M_A9TH
recompiling module MXIT2_X4M_A9TH
recompiling module MXIT4_X0P5M_A9TH
recompiling module MXIT4_X0P7M_A9TH
recompiling module MXIT4_X1M_A9TH
recompiling module MXIT4_X1P4M_A9TH
recompiling module MXIT4_X2M_A9TH
recompiling module MXIT4_X3M_A9TH
recompiling module MXT2_X0P5M_A9TH
recompiling module MXT2_X0P7M_A9TH
recompiling module MXT2_X1M_A9TH
recompiling module MXT2_X1P4M_A9TH
recompiling module MXT2_X2M_A9TH
recompiling module MXT2_X3M_A9TH
recompiling module MXT2_X4M_A9TH
recompiling module MXT2_X6M_A9TH
recompiling module MXT4_X0P5M_A9TH
recompiling module MXT4_X0P7M_A9TH
recompiling module MXT4_X1M_A9TH
recompiling module MXT4_X1P4M_A9TH
recompiling module MXT4_X2M_A9TH
recompiling module MXT4_X3M_A9TH
recompiling module NAND2B_X0P5M_A9TH
recompiling module NAND2B_X0P7M_A9TH
recompiling module NAND2B_X1M_A9TH
recompiling module NAND2B_X1P4M_A9TH
recompiling module NAND2B_X2M_A9TH
recompiling module NAND2B_X3M_A9TH
recompiling module NAND2B_X4M_A9TH
recompiling module NAND2B_X6M_A9TH
recompiling module NAND2B_X8M_A9TH
recompiling module NAND2XB_X0P5M_A9TH
recompiling module NAND2XB_X0P7M_A9TH
recompiling module NAND2XB_X1M_A9TH
recompiling module NAND2XB_X1P4M_A9TH
recompiling module NAND2XB_X2M_A9TH
recompiling module NAND2XB_X3M_A9TH
recompiling module NAND2XB_X4M_A9TH
recompiling module NAND2XB_X6M_A9TH
recompiling module NAND2XB_X8M_A9TH
recompiling module NAND2_X0P5B_A9TH
recompiling module NAND2_X0P5M_A9TH
recompiling module NAND2_X0P7B_A9TH
recompiling module NAND2_X0P7M_A9TH
recompiling module NAND2_X1A_A9TH
recompiling module NAND2_X1B_A9TH
recompiling module NAND2_X1M_A9TH
recompiling module NAND2_X1P4A_A9TH
recompiling module NAND2_X1P4B_A9TH
recompiling module NAND2_X1P4M_A9TH
recompiling module NAND2_X2A_A9TH
recompiling module NAND2_X2M_A9TH
recompiling module NAND2_X3A_A9TH
recompiling module NAND2_X3B_A9TH
recompiling module NAND2_X3M_A9TH
recompiling module NAND2_X4A_A9TH
recompiling module NAND2_X4B_A9TH
recompiling module NAND2_X4M_A9TH
recompiling module NAND2_X6A_A9TH
recompiling module NAND2_X6B_A9TH
recompiling module NAND2_X6M_A9TH
recompiling module NAND2_X8A_A9TH
recompiling module NAND2_X8B_A9TH
recompiling module NAND2_X8M_A9TH
recompiling module NAND3B_X0P7M_A9TH
recompiling module NAND3B_X1P4M_A9TH
recompiling module NAND3B_X2M_A9TH
recompiling module NAND3B_X3M_A9TH
recompiling module NAND3B_X4M_A9TH
recompiling module NAND3B_X6M_A9TH
recompiling module NAND3XXB_X0P5M_A9TH
recompiling module NAND3XXB_X0P7M_A9TH
recompiling module NAND3XXB_X1P4M_A9TH
recompiling module NAND3XXB_X2M_A9TH
recompiling module NAND3XXB_X3M_A9TH
recompiling module NAND3XXB_X4M_A9TH
recompiling module NAND3XXB_X6M_A9TH
recompiling module NAND3_X0P5A_A9TH
recompiling module NAND3_X0P7A_A9TH
recompiling module NAND3_X1A_A9TH
recompiling module NAND3_X1P4A_A9TH
recompiling module NAND3_X1P4M_A9TH
recompiling module NAND3_X2A_A9TH
recompiling module NAND3_X2M_A9TH
recompiling module NAND3_X3A_A9TH
recompiling module NAND3_X3M_A9TH
recompiling module NAND3_X4A_A9TH
recompiling module NAND3_X4M_A9TH
recompiling module NAND3_X6A_A9TH
recompiling module NAND3_X6M_A9TH
recompiling module NAND4B_X0P5M_A9TH
recompiling module NAND4B_X0P7M_A9TH
recompiling module NAND4B_X1P4M_A9TH
recompiling module NAND4B_X2M_A9TH
recompiling module NAND4B_X3M_A9TH
recompiling module NAND4B_X4M_A9TH
recompiling module NAND4XXXB_X0P5M_A9TH
recompiling module NAND4XXXB_X0P7M_A9TH
recompiling module NAND4XXXB_X1P4M_A9TH
recompiling module NAND4XXXB_X2M_A9TH
recompiling module NAND4XXXB_X3M_A9TH
recompiling module NAND4XXXB_X4M_A9TH
recompiling module NAND4_X0P5M_A9TH
recompiling module NAND4_X0P7A_A9TH
recompiling module NAND4_X0P7M_A9TH
recompiling module NAND4_X1A_A9TH
recompiling module NAND4_X1M_A9TH
recompiling module NAND4_X1P4A_A9TH
recompiling module NAND4_X1P4M_A9TH
recompiling module NAND4_X2M_A9TH
recompiling module NAND4_X3A_A9TH
recompiling module NAND4_X3M_A9TH
recompiling module NAND4_X4A_A9TH
recompiling module NAND4_X4M_A9TH
recompiling module NOR2B_X0P5M_A9TH
recompiling module NOR2B_X0P7M_A9TH
recompiling module NOR2B_X1M_A9TH
recompiling module NOR2B_X1P4M_A9TH
recompiling module NOR2B_X2M_A9TH
recompiling module NOR2B_X3M_A9TH
recompiling module NOR2B_X4M_A9TH
recompiling module NOR2B_X6M_A9TH
recompiling module NOR2B_X8M_A9TH
recompiling module NOR2XB_X0P5M_A9TH
recompiling module NOR2XB_X0P7M_A9TH
recompiling module NOR2XB_X1M_A9TH
recompiling module NOR2XB_X1P4M_A9TH
recompiling module NOR2XB_X3M_A9TH
recompiling module NOR2XB_X4M_A9TH
recompiling module NOR2XB_X6M_A9TH
recompiling module NOR2XB_X8M_A9TH
recompiling module NOR2_X0P5A_A9TH
recompiling module NOR2_X0P5B_A9TH
recompiling module NOR2_X0P5M_A9TH
recompiling module NOR2_X0P7A_A9TH
recompiling module NOR2_X0P7B_A9TH
recompiling module NOR2_X0P7M_A9TH
recompiling module NOR2_X1A_A9TH
recompiling module NOR2_X1P4A_A9TH
recompiling module NOR2_X2A_A9TH
recompiling module NOR2_X2M_A9TH
recompiling module NOR2_X3A_A9TH
recompilingrecompiling module SDFFRPQN_X3M_A9TH
recompiling module SDFFRPQ_X0P5M_A9TH
recompiling module SDFFRPQ_X1M_A9TH
recompiling module SDFFRPQ_X2M_A9TH
recompiling module SDFFRPQ_X3M_A9TH
recompiling module SDFFRPQ_X4M_A9TH
recompiling module SDFFSQN_X0P5M_A9TH
recompiling module SDFFSQN_X1M_A9TH
recompiling module SDFFSQN_X2M_A9TH
recompiling module SDFFSQN_X3M_A9TH
recompiling module SDFFSQ_X0P5M_A9TH
recompiling module SDFFSQ_X1M_A9TH
recompiling module SDFFSQ_X2M_A9TH
recompiling module SDFFSQ_X3M_A9TH
recompiling module SDFFSQ_X4M_A9TH
recompiling module SDFFSRPQ_X0P5M_A9TH
recompiling module SDFFSRPQ_X1M_A9TH
recompiling module SDFFSRPQ_X2M_A9TH
recompiling module SDFFSRPQ_X3M_A9TH
recompiling module SDFFSRPQ_X4M_A9TH
recompiling module SDFFYQ_X1M_A9TH
recompiling module SDFFYQ_X2M_A9TH
recompiling module SDFFYQ_X3M_A9TH
recompiling module SDFFYQ_X4M_A9TH
recompiling module ADDH_X1P4M_A9TH
recompiling module ADDH_X2M_A9TH
recompiling module AO1B2_X0P7M_A9TH
recompiling module AO1B2_X1M_A9TH
recompiling module AO1B2_X1P4M_A9TH
recompiling module AO1B2_X2M_A9TH
recompiling module AO1B2_X3M_A9TH
recompiling module AO1B2_X4M_A9TH
recompiling module AO1B2_X6M_A9TH
recompiling module AO21B_X0P5M_A9TH
recompiling module AO21B_X0P7M_A9TH
recompiling module AO21B_X1M_A9TH
recompiling module AO21B_X1P4M_A9TH
recompiling module AO21B_X2M_A9TH
recompiling module AO21B_X3M_A9TH
recompiling module AO21B_X4M_A9TH
recompiling module AO21B_X6M_A9TH
recompiling module AO21_X0P5M_A9TH
recompiling module AO21_X0P7M_A9TH
recompiling module AO21_X1M_A9TH
recompiling module AO21_X1P4M_A9TH
recompiling module AO21_X2M_A9TH
recompiling module AO21_X3M_A9TH
recompiling module AO21_X4M_A9TH
recompiling module AO21_X6M_A9TH
recompiling module AOI211_X0P7M_A9TH
recompiling module AOI211_X1P4M_A9TH
recompiling module AOI211_X2M_A9TH
recompiling module AOI211_X3M_A9TH
recompiling module AOI211_X4M_A9TH
recompiling module AOI21B_X0P5M_A9TH
recompiling module AOI21B_X0P7M_A9TH
recompiling module AOI21B_X1M_A9TH
recompiling module AOI21B_X1P4M_A9TH
recompiling module AOI21B_X2M_A9TH
recompiling module AOI21B_X3M_A9TH
recompiling module AOI21B_X4M_A9TH
recompiling module AOI21B_X6M_A9TH
recompiling module AOI21B_X8M_A9TH
recompiling module AOI21_X0P5M_A9TH
recompiling module AOI21_X1M_A9TH
recompiling module AOI21_X1P4M_A9TH
recompiling module AOI21_X3M_A9TH
recompiling module AOI21_X4M_A9TH
recompiling module AOI21_X6M_A9TH
recompiling module AOI21_X8M_A9TH
recompiling module AOI2XB1_X0P5M_A9TH
recompiling module AOI2XB1_X0P7M_A9TH
recompiling module AOI2XB1_X1M_A9TH
recompiling module AOI2XB1_X1P4M_A9TH
recompiling module AOI2XB1_X2M_A9TH
recompiling module AOI2XB1_X3M_A9TH
recompiling module AOI2XB1_X4M_A9TH
recompiling module AOI2XB1_X6M_A9TH
recompiling module AOI2XB1_X8M_A9TH
recompiling module AOI31_X0P7M_A9TH
recompiling module AOI31_X1M_A9TH
recompiling module AOI31_X1P4M_A9TH
recompiling module AOI31_X2M_A9TH
recompiling module AOI31_X3M_A9TH
recompiling module AOI31_X4M_A9TH
recompiling module AOI31_X6M_A9TH
recompiling module DFFNQ_X1M_A9TH
recompiling module DFFNQ_X2M_A9TH
recompiling module DFFNQ_X3M_A9TH
recompiling module DFFNRPQ_X1M_A9TH
recompiling module DFFNRPQ_X2M_A9TH
recompiling module DFFNRPQ_X3M_A9TH
recompiling module DFFNSQ_X1M_A9TH
recompiling module DFFNSQ_X2M_A9TH
recompiling module DFFNSQ_X3M_A9TH
recompiling module DFFNSRPQ_X1M_A9TH
recompiling module DFFNSRPQ_X2M_A9TH
recompiling module DFFNSRPQ_X3M_A9TH
recompiling module DFFQN_X0P5M_A9TH
recompiling module DFFQN_X1M_A9TH
recompiling module DFFQN_X2M_A9TH
recompiling module DFFQN_X3M_A9TH
recompiling module DFFQ_X0P5M_A9TH
recompiling module DFFQ_X1M_A9TH
recompiling module DFFQ_X2M_A9TH
recompiling module DFFQ_X3M_A9TH
recompiling module DFFQ_X4M_A9TH
recompiling module DFFRPQN_X2M_A9TH
recompiling module DFFRPQN_X3M_A9TH
recompiling module DFFRPQ_X0P5M_A9TH
recompiling module DFFRPQ_X2M_A9TH
recompiling module DFFRPQ_X3M_A9TH
recompiling module DFFRPQ_X4M_A9TH
recompiling module DFFSQN_X0P5M_A9TH
recompiling module DFFSQN_X1M_A9TH
recompiling module DFFSQN_X2M_A9TH
recompiling module DFFSQN_X3M_A9TH
recompiling module DFFSQ_X0P5M_A9TH
recompiling module DFFSQ_X1M_A9TH
recompiling module DFFSQ_X2M_A9TH
recompiling module DFFSQ_X3M_A9TH
recompiling module DFFSQ_X4M_A9TH
recompiling module DFFSRPQ_X0P5M_A9TH
recompiling module DFFSRPQ_X1M_A9TH
recompiling module DFFSRPQ_X2M_A9TH
recompiling module DFFSRPQ_X3M_A9TH
recompiling module DFFSRPQ_X4M_A9TH
recompiling module DFFYQ_X1M_A9TH
recompiling module DFFYQ_X2M_A9TH
recompiling module DFFYQ_X3M_A9TH
recompiling module DFFYQ_X4M_A9TH
recompiling module EDFFQN_X0P5M_A9TH
recompiling module EDFFQN_X1M_A9TH
recompiling module EDFFQN_X2M_A9TH
recompiling module EDFFQN_X3M_A9TH
recompiling module EDFFQ_X0P5M_A9TH
recompiling module EDFFQ_X1M_A9TH
recompiling module EDFFQ_X2M_A9TH
recompiling module EDFFQ_X3M_A9TH
recompiling module ESDFFQN_X0P5M_A9TH
recompiling module ESDFFQN_X1M_A9TH
recompiling module ESDFFQN_X2M_A9TH
recompiling module ESDFFQN_X3M_A9TH
recompiling module ESDFFQ_X0P5M_A9TH
recompiling module ESDFFQ_X1M_A9TH
recompiling module ESDFFQ_X2M_A9TH
recompiling module ESDFFQ_X3M_A9TH
recompiling module LATNQN_X0P5M_A9TH
recompiling module LATNQN_X1M_A9TH
recompiling module LATNQN_X2M_A9TH
recompiling module LATNQN_X3M_A9TH
recompiling module LATNQN_X4M_A9TH
recompiling module LATNQ_X0P5M_A9TH
recompiling module LATNQ_X1M_A9TH
recompiling module LATNQ_X2M_A9TH
recompiling module LATNQ_X3M_A9TH
recompiling module LATNRPQN_X0P5M_A9TH
recompiling module LATNRPQN_X1M_A9TH
recompiling module LATNRPQN_X2M_A9TH
recompiling module LATNRPQN_X3M_A9TH
recompiling module LATNRPQN_X4M_A9TH
recompiling module LATNRQ_X0P5M_A9TH
recompiling module LATNRQ_X1M_A9TH
recompiling module LATNRQ_X2M_A9TH
recompiling module LATNRQ_X3M_A9TH
recompiling module LATNSPQ_X0P5M_A9TH
recompiling module LATNSPQ_X1M_A9TH
recompiling module LATNSPQ_X2M_A9TH
recompiling module LATNSPQ_X3M_A9TH
recompiling module LATNSQN_X0P5M_A9TH
recompiling module LATNSQN_X1M_A9TH
recompiling module LATNSQN_X2M_A9TH
recompiling module LATNSQN_X3M_A9TH
recompiling module LATNSQN_X4M_A9TH
recompiling module LATQN_X0P5M_A9TH
recompiling module LATQN_X1M_A9TH
recompiling module LATQN_X2M_A9TH
recompiling module LATQN_X3M_A9TH
recompiling module LATQN_X4M_A9TH
recompiling module LATQ_X0P5M_A9TH
recompiling module LATQ_X1M_A9TH
recompiling module LATQ_X2M_A9TH
recompiling module LATQ_X3M_A9TH
recompiling module LATRPQN_X0P5M_A9TH
recompiling module LATRPQN_X1M_A9TH
recompiling module LATRPQN_X2M_A9TH
recompiling module LATRPQN_X3M_A9TH
recompiling module LATRPQN_X4M_A9TH
recompiling module LATRQ_X0P5M_A9TH
recompiling module LATRQ_X1M_A9TH
recompiling module LATRQ_X2M_A9TH
recompiling module LATRQ_X3M_A9TH
recompiling module LATSPQ_X0P5M_A9TH
recompiling module LATSPQ_X1M_A9TH
recompiling module LATSPQ_X2M_A9TH
recompiling module LATSPQ_X3M_A9TH
recompiling module LATSQN_X0P5M_A9TH
recompiling module LATSQN_X1M_A9TH
recompiling module LATSQN_X2M_A9TH
recompiling module LATSQN_X3M_A9TH
recompiling module LATSQN_X4M_A9TH
recompiling module OA211_X0P5M_A9TH
recompiling module OA211_X0P7M_A9TH
recompiling module OA211_X1M_A9TH
recompiling module OA211_X1P4M_A9TH
recompiling module OA211_X2M_A9TH
recompiling module OA211_X3M_A9TH
recompiling module OA211_X4M_A9TH
recompiling module OA211_X6M_A9TH
recompiling module OA21_X0P5M_A9TH
recompiling module OA21_X0P7M_A9TH
recompiling module OA21_X1P4M_A9TH
recompiling module OA21_X2M_A9TH
recompiling module OA21_X3M_A9TH
recompiling module OA21_X4M_A9TH
recompiling module OA21_X6M_A9TH
recompiling module OA21_X8M_A9TH
recompiling module OAI211_X0P7M_A9TH
recompiling module OAI211_X1P4M_A9TH
recompiling module OAI211_X2M_A9TH
recompiling module OAI211_X3M_A9TH
recompiling module OAI211_X4M_A9TH
recompiling module OAI21B_X0P5M_A9TH
recompiling module OAI21B_X0P7M_A9TH
recompiling module OAI21B_X1M_A9TH
recompiling module OAI21B_X1P4M_A9TH
recompiling module OAI21B_X2M_A9TH
recompiling module OAI21B_X3M_A9TH
recompiling module OAI21B_X4M_A9TH
recompiling module OAI21B_X6M_A9TH
recompiling module OAI21B_X8M_A9TH
recompiling module OAI21_X0P7M_A9TH
recomrecompiling package uvm_pkg
piling module OAI21_X1M_A9TH
recompiling module OAI21_X1P4M_A9TH
recompiling module OAI21_X2M_A9TH
recompiling module OAI21_X3M_A9TH
recompiling module OAI21_X4M_A9TH
recompiling module OAI21_X6M_A9TH
recompiling module OAI21_X8M_A9TH
recompiling module OAI2XB1_X0P7M_A9TH
recompiling module OAI2XB1_X1M_A9TH
recompiling module OAI2XB1_X1P4M_A9TH
recompiling module OAI2XB1_X2M_A9TH
recompiling module AND2_X11M_A9TH
 module NOR2_X4A_A9TH
recompiling module NOR2_X4B_A9TH
recompiling module NOR2_X4M_A9TH
recompiling module NOR2_X6A_A9TH
recompiling module NOR2_X6B_A9TH
recompiling module NOR2_X6M_A9TH
recompiling module NOR2_X8A_A9TH
recompiling module NOR2_X8B_A9TH
recompiling module NOR2_X8M_A9TH
recompiling module NOR3_X0P5A_A9TH
recompiling module NOR3_X0P5M_A9TH
recompiling module NOR3_X0P7A_A9TH
recompiling module NOR3_X0P7M_A9TH
recompiling module NOR3_X1A_A9TH
recompiling module NOR3_X1P4A_A9TH
recompiling module NOR3_X1P4M_A9TH
recompiling module NOR3_X2A_A9TH
recompiling module NOR3_X2M_A9TH
recompiling module NOR3_X3A_A9TH
recompiling module NOR3_X3M_A9TH
recompiling module NOR3_X4A_A9TH
recompiling module NOR3_X4M_A9TH
recompiling module OR2_X0P7M_A9TH
recompiling module OR2_X11M_A9TH
recompiling module OR2_X1M_A9TH
recompiling module OR2_X1P4M_A9TH
recompiling module OR2_X2M_A9TH
recompiling module OR2_X3M_A9TH
recompiling module OR2_X4M_A9TH
recompiling module OR2_X6M_A9TH
recompiling module OR2_X8M_A9TH
recompiling module OR3_X0P5M_A9TH
recompiling module OR3_X0P7M_A9TH
recompiling module OR3_X1M_A9TH
recompiling module OR3_X1P4M_A9TH
recompiling module OR3_X2M_A9TH
recompiling module OR3_X3M_A9TH
recompiling module OR3_X4M_A9TH
recompiling module OR3_X6M_A9TH
recompiling module OR3_X8M_A9TH
recompiling module OR4_X0P5M_A9TH
recompiling module OR4_X0P7M_A9TH
recompiling module OR4_X1M_A9TH
recompiling module OR4_X1P4M_A9TH
recompiling module OR4_X2M_A9TH
recompiling module OR4_X3M_A9TH
recompiling module OR4_X4M_A9TH
recompiling module OR4_X6M_A9TH
recompiling module OR4_X8M_A9TH
recompiling module OR6_X0P5M_A9TH
recompiling module OR6_X0P7M_A9TH
recompiling module OR6_X1M_A9TH
recompiling module OR6_X1P4M_A9TH
recompiling module OR6_X2M_A9TH
recompiling module OR6_X3M_A9TH
recompiling module OR6_X4M_A9TH
recompiling module OR6_X6M_A9TH
recompiling module XNOR2_X0P5M_A9TH
recompiling module XNOR2_X0P7M_A9TH
recompiling module XNOR2_X1M_A9TH
recompiling module XNOR2_X1P4M_A9TH
recompiling module XNOR2_X2M_A9TH
recompiling module XNOR2_X3M_A9TH
recompiling module XNOR2_X4M_A9TH
recompiling module XNOR3_X0P5M_A9TH
recompiling module XNOR3_X0P7M_A9TH
recompiling module XNOR3_X1M_A9TH
recompiling module XNOR3_X1P4M_A9TH
recompiling module XNOR3_X2M_A9TH
recompiling module XNOR3_X3M_A9TH
recompiling module XNOR3_X4M_A9TH
recompiling module XOR2_X0P5M_A9TH
recompiling module XOR2_X0P7M_A9TH
recompiling module XOR2_X1M_A9TH
recompiling module XOR2_X1P4M_A9TH
recompiling module XOR2_X2M_A9TH
recompiling module XOR2_X3M_A9TH
recompiling module XOR2_X4M_A9TH
recompiling module XOR3_X0P5M_A9TH
recompiling module XOR3_X0P7M_A9TH
recompiling module XOR3_X1M_A9TH
recompiling module XOR3_X1P4M_A9TH
recompiling module XOR3_X2M_A9TH
recompiling module XOR3_X3M_A9TH
recompiling module XOR3_X4M_A9TH
All of 915 modules done
make[1]: Entering directory `/home/wangkai/eda/GC3103/Digital/Verification/SPI/csrc' \

rm -f _csrc*.so pre_vcsobj_*.so share_vcsobj_*.so
g++ -w  -pipe -fPIC -DVCS -O -I/opt/Synopsys/VCS_2018_09/include    -c /data1/share/uvm-1.1d/src/dpi/uvm_dpi.cc \

if [ -x ../simv ]; then chmod -x ../simv; fi
g++  -o ../simv    -Wl,-rpath-link=./ -Wl,-rpath='$ORIGIN'/simv.daidir/ -Wl,-rpath=./simv.daidir/ \
-Wl,-rpath='$ORIGIN'/simv.daidir//scsim.db.dir  -rdynamic  -Wl,-rpath=/opt/Synopsys/VCS_2018_09/linux64/lib \
-L/opt/Synopsys/VCS_2018_09/linux64/lib  uvm_dpi.o   objs/a/amcQw_d.o   _3634_archive_1.so \
_3758_archive_1.so _3759_archive_1.so _3760_archive_1.so _3761_archive_1.so _3762_archive_1.so \
_3763_archive_1.so _3764_archive_1.so objs/udps/TDK3a.o objs/udps/GLJp7.o objs/udps/MqC6p.o \
objs/udps/ReyJ5.o objs/udps/S2Bja.o objs/udps/KQI7g.o objs/udps/RUx7T.o objs/udps/it8Bb.o \
objs/udps/qypzf.o objs/udps/HG8jG.o objs/udps/x2mQ0.o  SIM_l.o      rmapats_mop.o \
rmapats.o rmar.o rmar_nd.o  rmar_llvm_0_1.o rmar_llvm_0_0.o          -lzerosoft_rt_stubs \
-lvirsim -lerrorinf -lsnpsmalloc -lvfs    -lvcsnew -lsimprofile -lreader_common /opt/Synopsys/VCS_2018_09/linux64/lib/libBA.a \
-luclinative /opt/Synopsys/VCS_2018_09/linux64/lib/vcs_tls.o   -Wl,-whole-archive \
-lvcsucli -Wl,-no-whole-archive       ./../simv.daidir/vc_hdrs.o  _vcs_pli_stub_.o \
/opt/Synopsys/VCS_2018_09/linux64/lib/vcs_save_restore_new.o /opt/Synopsys/VERDI_2019_09/share/PLI/VCS/LINUX64/pli.a \
-ldl  -lc -lm -lpthread -ldl 
../simv up to date
make[1]: Leaving directory `/home/wangkai/eda/GC3103/Digital/Verification/SPI/csrc' \

